/home/zaher/projects/samar/samar/models/samar_transformer.py:43: UserWarning: [DescriptionVocab] 107 overlapping strings have different IDs in SamarVocab vs DescriptionVocab (e.g. [('TimeSignature_1/2', 748, 1138), ('TimeSignature_2/2', 775, 1165), ('TimeSignature_3/2', 794, 1184), ('TimeSignature_4/2', 808, 1198), ('TimeSignature_5/2', 821, 1211)]). Cross-tokenizer use will mis-encode. This is by-design per FIGARO two-stream split, but be careful: always use SamarTokenizer for events and DescriptionTokenizer for descriptions.
  desc_vocab_size = len(DescriptionVocab())
/home/zaher/projects/samar/.venv/lib/python3.12/site-packages/torch/nn/modules/transformer.py:143: UserWarning: enable_nested_tensor is True, but self.use_nested_tensor is False because encoder_layer.self_attn.batch_first was not True(use batch_first for better inference performance)
  self.encoder = TransformerEncoder(
[model] Total parameters: 5,344,241
[SamarLatentDataset] Filtered 5 samples shorter than 16 tokens (12378 -> 12373 samples)
[trainer] Split 12373 samples into 11136 train / 1237 val
/home/zaher/projects/samar/samar/tokenizer.py:65: UserWarning: [DescriptionVocab] 107 overlapping strings have different IDs in SamarVocab vs DescriptionVocab (e.g. [('TimeSignature_1/2', 748, 1138), ('TimeSignature_2/2', 775, 1165), ('TimeSignature_3/2', 794, 1184), ('TimeSignature_4/2', 808, 1198), ('TimeSignature_5/2', 821, 1211)]). Cross-tokenizer use will mis-encode. This is by-design per FIGARO two-stream split, but be careful: always use SamarTokenizer for events and DescriptionTokenizer for descriptions.
  self.vocab = vocab or DescriptionVocab()
/home/zaher/projects/samar/samar/tokenizer.py:65: UserWarning: [DescriptionVocab] 107 overlapping strings have different IDs in SamarVocab vs DescriptionVocab (e.g. [('TimeSignature_1/2', 748, 1138), ('TimeSignature_2/2', 775, 1165), ('TimeSignature_3/2', 794, 1184), ('TimeSignature_4/2', 808, 1198), ('TimeSignature_5/2', 821, 1211)]). Cross-tokenizer use will mis-encode. This is by-design per FIGARO two-stream split, but be careful: always use SamarTokenizer for events and DescriptionTokenizer for descriptions.
  self.vocab = vocab or DescriptionVocab()
/home/zaher/projects/samar/samar/tokenizer.py:65: UserWarning: [DescriptionVocab] 107 overlapping strings have different IDs in SamarVocab vs DescriptionVocab (e.g. [('TimeSignature_1/2', 748, 1138), ('TimeSignature_2/2', 775, 1165), ('TimeSignature_3/2', 794, 1184), ('TimeSignature_4/2', 808, 1198), ('TimeSignature_5/2', 821, 1211)]). Cross-tokenizer use will mis-encode. This is by-design per FIGARO two-stream split, but be careful: always use SamarTokenizer for events and DescriptionTokenizer for descriptions.
  self.vocab = vocab or DescriptionVocab()
/home/zaher/projects/samar/samar/tokenizer.py:65: UserWarning: [DescriptionVocab] 107 overlapping strings have different IDs in SamarVocab vs DescriptionVocab (e.g. [('TimeSignature_1/2', 748, 1138), ('TimeSignature_2/2', 775, 1165), ('TimeSignature_3/2', 794, 1184), ('TimeSignature_4/2', 808, 1198), ('TimeSignature_5/2', 821, 1211)]). Cross-tokenizer use will mis-encode. This is by-design per FIGARO two-stream split, but be careful: always use SamarTokenizer for events and DescriptionTokenizer for descriptions.
  self.vocab = vocab or DescriptionVocab()
  [epoch 1 batch 10] loss=5.1304
  [epoch 1 batch 20] loss=4.6688
  [epoch 1 batch 30] loss=4.3474
  [epoch 1 batch 40] loss=4.1383
  [epoch 1 batch 50] loss=3.7687
  [epoch 1 batch 60] loss=3.3271
  [epoch 1 batch 70] loss=3.0736
  [epoch 1 batch 80] loss=2.7059
  [epoch 1 batch 90] loss=2.5010
  [epoch 1 batch 100] loss=2.4500
  [epoch 1 batch 110] loss=2.3638
  [epoch 1 batch 120] loss=2.2608
  [epoch 1 batch 130] loss=2.3197
  [epoch 1 batch 140] loss=2.1759
  [epoch 1 batch 150] loss=2.1934
  [epoch 1 batch 160] loss=2.0796
  [epoch 1 batch 170] loss=2.0195
  [epoch 1 batch 180] loss=2.0876
  [epoch 1 batch 190] loss=1.9384
  [epoch 1 batch 200] loss=1.9756
  [epoch 1 batch 210] loss=1.9610
  [epoch 1 batch 220] loss=1.9147
  [epoch 1 batch 230] loss=1.9891
  [epoch 1 batch 240] loss=1.8836
  [epoch 1 batch 250] loss=1.8243
  [epoch 1 batch 260] loss=1.9649
  [epoch 1 batch 270] loss=2.0180
  [epoch 1 batch 280] loss=1.8736
  [epoch 1 batch 290] loss=1.9878
  [epoch 1 batch 300] loss=1.9170
  [epoch 1 batch 310] loss=1.9365
  [epoch 1 batch 320] loss=1.9237
  [epoch 1 batch 330] loss=1.9047
  [epoch 1 batch 340] loss=1.9421
  [epoch 1 batch 350] loss=1.7865
  [epoch 1 batch 360] loss=1.8444
  [epoch 1 batch 370] loss=1.7811
  [epoch 1 batch 380] loss=1.8742
  [epoch 1 batch 390] loss=1.8284
  [epoch 1 batch 400] loss=1.9153
  [epoch 1 batch 410] loss=1.8578
  [epoch 1 batch 420] loss=1.8557
  [epoch 1 batch 430] loss=1.7139
  [epoch 1 batch 440] loss=1.9004
  [epoch 1 batch 450] loss=1.8840
  [epoch 1 batch 460] loss=1.8139
  [epoch 1 batch 470] loss=1.8312
  [epoch 1 batch 480] loss=1.8955
  [epoch 1 batch 490] loss=1.7681
  [epoch 1 batch 500] loss=1.7810
  [epoch 1 batch 510] loss=1.7484
  [epoch 1 batch 520] loss=1.9212
  [epoch 1 batch 530] loss=1.8142
  [epoch 1 batch 540] loss=1.8658
  [epoch 1 batch 550] loss=1.8442
  [epoch 1 batch 560] loss=1.9123
  [epoch 1 batch 570] loss=1.7851
  [epoch 1 batch 580] loss=1.8312
  [epoch 1 batch 590] loss=1.7669
  [epoch 1 batch 600] loss=1.8111
  [epoch 1 batch 610] loss=1.8514
  [epoch 1 batch 620] loss=1.8246
  [epoch 1 batch 630] loss=1.7606
  [epoch 1 batch 640] loss=1.8770
  [epoch 1 batch 650] loss=1.8446
  [epoch 1 batch 660] loss=1.8146
  [epoch 1 batch 670] loss=1.7951
  [epoch 1 batch 680] loss=1.7623
  [epoch 1 batch 690] loss=1.8033
/home/zaher/projects/samar/samar/tokenizer.py:65: UserWarning: [DescriptionVocab] 107 overlapping strings have different IDs in SamarVocab vs DescriptionVocab (e.g. [('TimeSignature_1/2', 748, 1138), ('TimeSignature_2/2', 775, 1165), ('TimeSignature_3/2', 794, 1184), ('TimeSignature_4/2', 808, 1198), ('TimeSignature_5/2', 821, 1211)]). Cross-tokenizer use will mis-encode. This is by-design per FIGARO two-stream split, but be careful: always use SamarTokenizer for events and DescriptionTokenizer for descriptions.
  self.vocab = vocab or DescriptionVocab()
/home/zaher/projects/samar/samar/tokenizer.py:65: UserWarning: [DescriptionVocab] 107 overlapping strings have different IDs in SamarVocab vs DescriptionVocab (e.g. [('TimeSignature_1/2', 748, 1138), ('TimeSignature_2/2', 775, 1165), ('TimeSignature_3/2', 794, 1184), ('TimeSignature_4/2', 808, 1198), ('TimeSignature_5/2', 821, 1211)]). Cross-tokenizer use will mis-encode. This is by-design per FIGARO two-stream split, but be careful: always use SamarTokenizer for events and DescriptionTokenizer for descriptions.
  self.vocab = vocab or DescriptionVocab()
/home/zaher/projects/samar/samar/tokenizer.py:65: UserWarning: [DescriptionVocab] 107 overlapping strings have different IDs in SamarVocab vs DescriptionVocab (e.g. [('TimeSignature_1/2', 748, 1138), ('TimeSignature_2/2', 775, 1165), ('TimeSignature_3/2', 794, 1184), ('TimeSignature_4/2', 808, 1198), ('TimeSignature_5/2', 821, 1211)]). Cross-tokenizer use will mis-encode. This is by-design per FIGARO two-stream split, but be careful: always use SamarTokenizer for events and DescriptionTokenizer for descriptions.
  self.vocab = vocab or DescriptionVocab()
/home/zaher/projects/samar/samar/tokenizer.py:65: UserWarning: [DescriptionVocab] 107 overlapping strings have different IDs in SamarVocab vs DescriptionVocab (e.g. [('TimeSignature_1/2', 748, 1138), ('TimeSignature_2/2', 775, 1165), ('TimeSignature_3/2', 794, 1184), ('TimeSignature_4/2', 808, 1198), ('TimeSignature_5/2', 821, 1211)]). Cross-tokenizer use will mis-encode. This is by-design per FIGARO two-stream split, but be careful: always use SamarTokenizer for events and DescriptionTokenizer for descriptions.
  self.vocab = vocab or DescriptionVocab()
Epoch 1/5  train_loss=2.1808  val_loss=1.7509
[trainer] New best val_loss=1.7509
[trainer] Saved weights -> checkpoints/samar_transformer_r22_v5.pt
[trainer] Saved config  -> checkpoints/samar_transformer_r22_v5_config.json
[trainer] Saved best   -> checkpoints/samar_transformer_r22_v5_best.pt
/home/zaher/projects/samar/samar/tokenizer.py:65: UserWarning: [DescriptionVocab] 107 overlapping strings have different IDs in SamarVocab vs DescriptionVocab (e.g. [('TimeSignature_1/2', 748, 1138), ('TimeSignature_2/2', 775, 1165), ('TimeSignature_3/2', 794, 1184), ('TimeSignature_4/2', 808, 1198), ('TimeSignature_5/2', 821, 1211)]). Cross-tokenizer use will mis-encode. This is by-design per FIGARO two-stream split, but be careful: always use SamarTokenizer for events and DescriptionTokenizer for descriptions.
  self.vocab = vocab or DescriptionVocab()
/home/zaher/projects/samar/samar/tokenizer.py:65: UserWarning: [DescriptionVocab] 107 overlapping strings have different IDs in SamarVocab vs DescriptionVocab (e.g. [('TimeSignature_1/2', 748, 1138), ('TimeSignature_2/2', 775, 1165), ('TimeSignature_3/2', 794, 1184), ('TimeSignature_4/2', 808, 1198), ('TimeSignature_5/2', 821, 1211)]). Cross-tokenizer use will mis-encode. This is by-design per FIGARO two-stream split, but be careful: always use SamarTokenizer for events and DescriptionTokenizer for descriptions.
  self.vocab = vocab or DescriptionVocab()
/home/zaher/projects/samar/samar/tokenizer.py:65: UserWarning: [DescriptionVocab] 107 overlapping strings have different IDs in SamarVocab vs DescriptionVocab (e.g. [('TimeSignature_1/2', 748, 1138), ('TimeSignature_2/2', 775, 1165), ('TimeSignature_3/2', 794, 1184), ('TimeSignature_4/2', 808, 1198), ('TimeSignature_5/2', 821, 1211)]). Cross-tokenizer use will mis-encode. This is by-design per FIGARO two-stream split, but be careful: always use SamarTokenizer for events and DescriptionTokenizer for descriptions.
  self.vocab = vocab or DescriptionVocab()
/home/zaher/projects/samar/samar/tokenizer.py:65: UserWarning: [DescriptionVocab] 107 overlapping strings have different IDs in SamarVocab vs DescriptionVocab (e.g. [('TimeSignature_1/2', 748, 1138), ('TimeSignature_2/2', 775, 1165), ('TimeSignature_3/2', 794, 1184), ('TimeSignature_4/2', 808, 1198), ('TimeSignature_5/2', 821, 1211)]). Cross-tokenizer use will mis-encode. This is by-design per FIGARO two-stream split, but be careful: always use SamarTokenizer for events and DescriptionTokenizer for descriptions.
  self.vocab = vocab or DescriptionVocab()
  [epoch 2 batch 10] loss=1.7347
  [epoch 2 batch 20] loss=1.7521
  [epoch 2 batch 30] loss=1.7911
  [epoch 2 batch 40] loss=1.7930
  [epoch 2 batch 50] loss=1.8036
  [epoch 2 batch 60] loss=1.7673
  [epoch 2 batch 70] loss=1.7772
  [epoch 2 batch 80] loss=1.8239
  [epoch 2 batch 90] loss=1.6939
  [epoch 2 batch 100] loss=1.8012
  [epoch 2 batch 110] loss=1.7427
  [epoch 2 batch 120] loss=1.7190
  [epoch 2 batch 130] loss=1.6821
  [epoch 2 batch 140] loss=1.8056
  [epoch 2 batch 150] loss=1.8125
  [epoch 2 batch 160] loss=1.7506
  [epoch 2 batch 170] loss=1.8222
  [epoch 2 batch 180] loss=1.7919
  [epoch 2 batch 190] loss=1.7209
  [epoch 2 batch 200] loss=1.7334
  [epoch 2 batch 210] loss=1.7836
  [epoch 2 batch 220] loss=1.6997
  [epoch 2 batch 230] loss=1.8419
  [epoch 2 batch 240] loss=1.7233
  [epoch 2 batch 250] loss=1.6228
  [epoch 2 batch 260] loss=1.7001
  [epoch 2 batch 270] loss=1.7253
  [epoch 2 batch 280] loss=1.7889
  [epoch 2 batch 290] loss=1.7379
  [epoch 2 batch 300] loss=1.7433
  [epoch 2 batch 310] loss=1.7301
  [epoch 2 batch 320] loss=1.6795
  [epoch 2 batch 330] loss=1.7055
  [epoch 2 batch 340] loss=1.6520
  [epoch 2 batch 350] loss=1.7239
  [epoch 2 batch 360] loss=1.7633
  [epoch 2 batch 370] loss=1.6973
  [epoch 2 batch 380] loss=1.6873
  [epoch 2 batch 390] loss=1.7448
  [epoch 2 batch 400] loss=1.6643
  [epoch 2 batch 410] loss=1.6649
  [epoch 2 batch 420] loss=1.7517
  [epoch 2 batch 430] loss=1.6397
  [epoch 2 batch 440] loss=1.6246
  [epoch 2 batch 450] loss=1.7573
  [epoch 2 batch 460] loss=1.6984
  [epoch 2 batch 470] loss=1.6680
  [epoch 2 batch 480] loss=1.6709
  [epoch 2 batch 490] loss=1.6800
  [epoch 2 batch 500] loss=1.7330
  [epoch 2 batch 510] loss=1.6582
  [epoch 2 batch 520] loss=1.6727
  [epoch 2 batch 530] loss=1.6502
  [epoch 2 batch 540] loss=1.6774
  [epoch 2 batch 550] loss=1.7026
  [epoch 2 batch 560] loss=1.6795
  [epoch 2 batch 570] loss=1.6481
  [epoch 2 batch 580] loss=1.6933
  [epoch 2 batch 590] loss=1.7197
  [epoch 2 batch 600] loss=1.6783
  [epoch 2 batch 610] loss=1.7533
  [epoch 2 batch 620] loss=1.6561
  [epoch 2 batch 630] loss=1.6726
  [epoch 2 batch 640] loss=1.6406
  [epoch 2 batch 650] loss=1.7289
  [epoch 2 batch 660] loss=1.7417
  [epoch 2 batch 670] loss=1.6983
  [epoch 2 batch 680] loss=1.6488
  [epoch 2 batch 690] loss=1.6520
/home/zaher/projects/samar/samar/tokenizer.py:65: UserWarning: [DescriptionVocab] 107 overlapping strings have different IDs in SamarVocab vs DescriptionVocab (e.g. [('TimeSignature_1/2', 748, 1138), ('TimeSignature_2/2', 775, 1165), ('TimeSignature_3/2', 794, 1184), ('TimeSignature_4/2', 808, 1198), ('TimeSignature_5/2', 821, 1211)]). Cross-tokenizer use will mis-encode. This is by-design per FIGARO two-stream split, but be careful: always use SamarTokenizer for events and DescriptionTokenizer for descriptions.
  self.vocab = vocab or DescriptionVocab()
/home/zaher/projects/samar/samar/tokenizer.py:65: UserWarning: [DescriptionVocab] 107 overlapping strings have different IDs in SamarVocab vs DescriptionVocab (e.g. [('TimeSignature_1/2', 748, 1138), ('TimeSignature_2/2', 775, 1165), ('TimeSignature_3/2', 794, 1184), ('TimeSignature_4/2', 808, 1198), ('TimeSignature_5/2', 821, 1211)]). Cross-tokenizer use will mis-encode. This is by-design per FIGARO two-stream split, but be careful: always use SamarTokenizer for events and DescriptionTokenizer for descriptions.
  self.vocab = vocab or DescriptionVocab()
/home/zaher/projects/samar/samar/tokenizer.py:65: UserWarning: [DescriptionVocab] 107 overlapping strings have different IDs in SamarVocab vs DescriptionVocab (e.g. [('TimeSignature_1/2', 748, 1138), ('TimeSignature_2/2', 775, 1165), ('TimeSignature_3/2', 794, 1184), ('TimeSignature_4/2', 808, 1198), ('TimeSignature_5/2', 821, 1211)]). Cross-tokenizer use will mis-encode. This is by-design per FIGARO two-stream split, but be careful: always use SamarTokenizer for events and DescriptionTokenizer for descriptions.
  self.vocab = vocab or DescriptionVocab()
/home/zaher/projects/samar/samar/tokenizer.py:65: UserWarning: [DescriptionVocab] 107 overlapping strings have different IDs in SamarVocab vs DescriptionVocab (e.g. [('TimeSignature_1/2', 748, 1138), ('TimeSignature_2/2', 775, 1165), ('TimeSignature_3/2', 794, 1184), ('TimeSignature_4/2', 808, 1198), ('TimeSignature_5/2', 821, 1211)]). Cross-tokenizer use will mis-encode. This is by-design per FIGARO two-stream split, but be careful: always use SamarTokenizer for events and DescriptionTokenizer for descriptions.
  self.vocab = vocab or DescriptionVocab()
Epoch 2/5  train_loss=1.7245  val_loss=1.6508
[trainer] New best val_loss=1.6508
[trainer] Saved weights -> checkpoints/samar_transformer_r22_v5.pt
[trainer] Saved config  -> checkpoints/samar_transformer_r22_v5_config.json
[trainer] Saved best   -> checkpoints/samar_transformer_r22_v5_best.pt
/home/zaher/projects/samar/samar/tokenizer.py:65: UserWarning: [DescriptionVocab] 107 overlapping strings have different IDs in SamarVocab vs DescriptionVocab (e.g. [('TimeSignature_1/2', 748, 1138), ('TimeSignature_2/2', 775, 1165), ('TimeSignature_3/2', 794, 1184), ('TimeSignature_4/2', 808, 1198), ('TimeSignature_5/2', 821, 1211)]). Cross-tokenizer use will mis-encode. This is by-design per FIGARO two-stream split, but be careful: always use SamarTokenizer for events and DescriptionTokenizer for descriptions.
  self.vocab = vocab or DescriptionVocab()
/home/zaher/projects/samar/samar/tokenizer.py:65: UserWarning: [DescriptionVocab] 107 overlapping strings have different IDs in SamarVocab vs DescriptionVocab (e.g. [('TimeSignature_1/2', 748, 1138), ('TimeSignature_2/2', 775, 1165), ('TimeSignature_3/2', 794, 1184), ('TimeSignature_4/2', 808, 1198), ('TimeSignature_5/2', 821, 1211)]). Cross-tokenizer use will mis-encode. This is by-design per FIGARO two-stream split, but be careful: always use SamarTokenizer for events and DescriptionTokenizer for descriptions.
  self.vocab = vocab or DescriptionVocab()
/home/zaher/projects/samar/samar/tokenizer.py:65: UserWarning: [DescriptionVocab] 107 overlapping strings have different IDs in SamarVocab vs DescriptionVocab (e.g. [('TimeSignature_1/2', 748, 1138), ('TimeSignature_2/2', 775, 1165), ('TimeSignature_3/2', 794, 1184), ('TimeSignature_4/2', 808, 1198), ('TimeSignature_5/2', 821, 1211)]). Cross-tokenizer use will mis-encode. This is by-design per FIGARO two-stream split, but be careful: always use SamarTokenizer for events and DescriptionTokenizer for descriptions.
  self.vocab = vocab or DescriptionVocab()
/home/zaher/projects/samar/samar/tokenizer.py:65: UserWarning: [DescriptionVocab] 107 overlapping strings have different IDs in SamarVocab vs DescriptionVocab (e.g. [('TimeSignature_1/2', 748, 1138), ('TimeSignature_2/2', 775, 1165), ('TimeSignature_3/2', 794, 1184), ('TimeSignature_4/2', 808, 1198), ('TimeSignature_5/2', 821, 1211)]). Cross-tokenizer use will mis-encode. This is by-design per FIGARO two-stream split, but be careful: always use SamarTokenizer for events and DescriptionTokenizer for descriptions.
  self.vocab = vocab or DescriptionVocab()
  [epoch 3 batch 10] loss=1.6847
  [epoch 3 batch 20] loss=1.6489
  [epoch 3 batch 30] loss=1.6797
  [epoch 3 batch 40] loss=1.6582
  [epoch 3 batch 50] loss=1.6727
  [epoch 3 batch 60] loss=1.6369
  [epoch 3 batch 70] loss=1.6609
  [epoch 3 batch 80] loss=1.6635
  [epoch 3 batch 90] loss=1.6612
  [epoch 3 batch 100] loss=1.7339
  [epoch 3 batch 110] loss=1.6876
  [epoch 3 batch 120] loss=1.6370
  [epoch 3 batch 130] loss=1.6669
  [epoch 3 batch 140] loss=1.6479
  [epoch 3 batch 150] loss=1.6107
  [epoch 3 batch 160] loss=1.5810
  [epoch 3 batch 170] loss=1.6199
  [epoch 3 batch 180] loss=1.6958
  [epoch 3 batch 190] loss=1.6454
  [epoch 3 batch 200] loss=1.6860
  [epoch 3 batch 210] loss=1.5786
  [epoch 3 batch 220] loss=1.7224
  [epoch 3 batch 230] loss=1.6731
  [epoch 3 batch 240] loss=1.6353
  [epoch 3 batch 250] loss=1.6213
  [epoch 3 batch 260] loss=1.6190
  [epoch 3 batch 270] loss=1.5960
  [epoch 3 batch 280] loss=1.6632
  [epoch 3 batch 290] loss=1.7039
  [epoch 3 batch 300] loss=1.6543
  [epoch 3 batch 310] loss=1.6362
  [epoch 3 batch 320] loss=1.6557
  [epoch 3 batch 330] loss=1.6774
  [epoch 3 batch 340] loss=1.6219
  [epoch 3 batch 350] loss=1.6201
  [epoch 3 batch 360] loss=1.6151
  [epoch 3 batch 370] loss=1.6182
  [epoch 3 batch 380] loss=1.6808
  [epoch 3 batch 390] loss=1.7089
  [epoch 3 batch 400] loss=1.6622
  [epoch 3 batch 410] loss=1.6909
  [epoch 3 batch 420] loss=1.6436
  [epoch 3 batch 430] loss=1.7035
  [epoch 3 batch 440] loss=1.5657
  [epoch 3 batch 450] loss=1.6133
  [epoch 3 batch 460] loss=1.7035
  [epoch 3 batch 470] loss=1.6336
  [epoch 3 batch 480] loss=1.6286
  [epoch 3 batch 490] loss=1.6599
  [epoch 3 batch 500] loss=1.6366
  [epoch 3 batch 510] loss=1.7434
  [epoch 3 batch 520] loss=1.7378
  [epoch 3 batch 530] loss=1.6890
  [epoch 3 batch 540] loss=1.6846
  [epoch 3 batch 550] loss=1.6213
  [epoch 3 batch 560] loss=1.6795
  [epoch 3 batch 570] loss=1.5738
  [epoch 3 batch 580] loss=1.6793
  [epoch 3 batch 590] loss=1.7096
  [epoch 3 batch 600] loss=1.6091
  [epoch 3 batch 610] loss=1.7056
  [epoch 3 batch 620] loss=1.5785
  [epoch 3 batch 630] loss=1.6339
  [epoch 3 batch 640] loss=1.5789
  [epoch 3 batch 650] loss=1.7960
  [epoch 3 batch 660] loss=1.5995
  [epoch 3 batch 670] loss=1.6398
  [epoch 3 batch 680] loss=1.6653
  [epoch 3 batch 690] loss=1.6144
/home/zaher/projects/samar/samar/tokenizer.py:65: UserWarning: [DescriptionVocab] 107 overlapping strings have different IDs in SamarVocab vs DescriptionVocab (e.g. [('TimeSignature_1/2', 748, 1138), ('TimeSignature_2/2', 775, 1165), ('TimeSignature_3/2', 794, 1184), ('TimeSignature_4/2', 808, 1198), ('TimeSignature_5/2', 821, 1211)]). Cross-tokenizer use will mis-encode. This is by-design per FIGARO two-stream split, but be careful: always use SamarTokenizer for events and DescriptionTokenizer for descriptions.
  self.vocab = vocab or DescriptionVocab()
/home/zaher/projects/samar/samar/tokenizer.py:65: UserWarning: [DescriptionVocab] 107 overlapping strings have different IDs in SamarVocab vs DescriptionVocab (e.g. [('TimeSignature_1/2', 748, 1138), ('TimeSignature_2/2', 775, 1165), ('TimeSignature_3/2', 794, 1184), ('TimeSignature_4/2', 808, 1198), ('TimeSignature_5/2', 821, 1211)]). Cross-tokenizer use will mis-encode. This is by-design per FIGARO two-stream split, but be careful: always use SamarTokenizer for events and DescriptionTokenizer for descriptions.
  self.vocab = vocab or DescriptionVocab()
/home/zaher/projects/samar/samar/tokenizer.py:65: UserWarning: [DescriptionVocab] 107 overlapping strings have different IDs in SamarVocab vs DescriptionVocab (e.g. [('TimeSignature_1/2', 748, 1138), ('TimeSignature_2/2', 775, 1165), ('TimeSignature_3/2', 794, 1184), ('TimeSignature_4/2', 808, 1198), ('TimeSignature_5/2', 821, 1211)]). Cross-tokenizer use will mis-encode. This is by-design per FIGARO two-stream split, but be careful: always use SamarTokenizer for events and DescriptionTokenizer for descriptions.
  self.vocab = vocab or DescriptionVocab()
/home/zaher/projects/samar/samar/tokenizer.py:65: UserWarning: [DescriptionVocab] 107 overlapping strings have different IDs in SamarVocab vs DescriptionVocab (e.g. [('TimeSignature_1/2', 748, 1138), ('TimeSignature_2/2', 775, 1165), ('TimeSignature_3/2', 794, 1184), ('TimeSignature_4/2', 808, 1198), ('TimeSignature_5/2', 821, 1211)]). Cross-tokenizer use will mis-encode. This is by-design per FIGARO two-stream split, but be careful: always use SamarTokenizer for events and DescriptionTokenizer for descriptions.
  self.vocab = vocab or DescriptionVocab()
Epoch 3/5  train_loss=1.6552  val_loss=1.5981
[trainer] New best val_loss=1.5981
[trainer] Saved weights -> checkpoints/samar_transformer_r22_v5.pt
[trainer] Saved config  -> checkpoints/samar_transformer_r22_v5_config.json
[trainer] Saved best   -> checkpoints/samar_transformer_r22_v5_best.pt
/home/zaher/projects/samar/samar/tokenizer.py:65: UserWarning: [DescriptionVocab] 107 overlapping strings have different IDs in SamarVocab vs DescriptionVocab (e.g. [('TimeSignature_1/2', 748, 1138), ('TimeSignature_2/2', 775, 1165), ('TimeSignature_3/2', 794, 1184), ('TimeSignature_4/2', 808, 1198), ('TimeSignature_5/2', 821, 1211)]). Cross-tokenizer use will mis-encode. This is by-design per FIGARO two-stream split, but be careful: always use SamarTokenizer for events and DescriptionTokenizer for descriptions.
  self.vocab = vocab or DescriptionVocab()
/home/zaher/projects/samar/samar/tokenizer.py:65: UserWarning: [DescriptionVocab] 107 overlapping strings have different IDs in SamarVocab vs DescriptionVocab (e.g. [('TimeSignature_1/2', 748, 1138), ('TimeSignature_2/2', 775, 1165), ('TimeSignature_3/2', 794, 1184), ('TimeSignature_4/2', 808, 1198), ('TimeSignature_5/2', 821, 1211)]). Cross-tokenizer use will mis-encode. This is by-design per FIGARO two-stream split, but be careful: always use SamarTokenizer for events and DescriptionTokenizer for descriptions.
  self.vocab = vocab or DescriptionVocab()
/home/zaher/projects/samar/samar/tokenizer.py:65: UserWarning: [DescriptionVocab] 107 overlapping strings have different IDs in SamarVocab vs DescriptionVocab (e.g. [('TimeSignature_1/2', 748, 1138), ('TimeSignature_2/2', 775, 1165), ('TimeSignature_3/2', 794, 1184), ('TimeSignature_4/2', 808, 1198), ('TimeSignature_5/2', 821, 1211)]). Cross-tokenizer use will mis-encode. This is by-design per FIGARO two-stream split, but be careful: always use SamarTokenizer for events and DescriptionTokenizer for descriptions.
  self.vocab = vocab or DescriptionVocab()
/home/zaher/projects/samar/samar/tokenizer.py:65: UserWarning: [DescriptionVocab] 107 overlapping strings have different IDs in SamarVocab vs DescriptionVocab (e.g. [('TimeSignature_1/2', 748, 1138), ('TimeSignature_2/2', 775, 1165), ('TimeSignature_3/2', 794, 1184), ('TimeSignature_4/2', 808, 1198), ('TimeSignature_5/2', 821, 1211)]). Cross-tokenizer use will mis-encode. This is by-design per FIGARO two-stream split, but be careful: always use SamarTokenizer for events and DescriptionTokenizer for descriptions.
  self.vocab = vocab or DescriptionVocab()
  [epoch 4 batch 10] loss=1.6923
  [epoch 4 batch 20] loss=1.5745
  [epoch 4 batch 30] loss=1.6028
  [epoch 4 batch 40] loss=1.6965
  [epoch 4 batch 50] loss=1.6219
  [epoch 4 batch 60] loss=1.5892
  [epoch 4 batch 70] loss=1.6315
  [epoch 4 batch 80] loss=1.6247
  [epoch 4 batch 90] loss=1.6016
  [epoch 4 batch 100] loss=1.6672
  [epoch 4 batch 110] loss=1.6089
  [epoch 4 batch 120] loss=1.6027
  [epoch 4 batch 130] loss=1.5972
  [epoch 4 batch 140] loss=1.6302
  [epoch 4 batch 150] loss=1.6044
  [epoch 4 batch 160] loss=1.6113
  [epoch 4 batch 170] loss=1.7126
  [epoch 4 batch 180] loss=1.6504
  [epoch 4 batch 190] loss=1.6430
  [epoch 4 batch 200] loss=1.6399
  [epoch 4 batch 210] loss=1.5843
  [epoch 4 batch 220] loss=1.5969
  [epoch 4 batch 230] loss=1.6806
  [epoch 4 batch 240] loss=1.7011
  [epoch 4 batch 250] loss=1.6170
  [epoch 4 batch 260] loss=1.5967
  [epoch 4 batch 270] loss=1.5334
  [epoch 4 batch 280] loss=1.5643
  [epoch 4 batch 290] loss=1.6482
  [epoch 4 batch 300] loss=1.6076
  [epoch 4 batch 310] loss=1.6179
  [epoch 4 batch 320] loss=1.5282
  [epoch 4 batch 330] loss=1.5479
  [epoch 4 batch 340] loss=1.5957
  [epoch 4 batch 350] loss=1.6075
  [epoch 4 batch 360] loss=1.5873
  [epoch 4 batch 370] loss=1.6008
  [epoch 4 batch 380] loss=1.6278
  [epoch 4 batch 390] loss=1.6485
  [epoch 4 batch 400] loss=1.5800
  [epoch 4 batch 410] loss=1.5887
  [epoch 4 batch 420] loss=1.5867
  [epoch 4 batch 430] loss=1.6486
  [epoch 4 batch 440] loss=1.5691
  [epoch 4 batch 450] loss=1.5389
  [epoch 4 batch 460] loss=1.6282
  [epoch 4 batch 470] loss=1.5983
  [epoch 4 batch 480] loss=1.5227
  [epoch 4 batch 490] loss=1.6482
  [epoch 4 batch 500] loss=1.5004
  [epoch 4 batch 510] loss=1.5352
  [epoch 4 batch 520] loss=1.5481
  [epoch 4 batch 530] loss=1.6364
  [epoch 4 batch 540] loss=1.6483
  [epoch 4 batch 550] loss=1.5585
  [epoch 4 batch 560] loss=1.6057
  [epoch 4 batch 570] loss=1.6799
  [epoch 4 batch 580] loss=1.5687
  [epoch 4 batch 590] loss=1.7093
  [epoch 4 batch 600] loss=1.5079
  [epoch 4 batch 610] loss=1.5705
  [epoch 4 batch 620] loss=1.5440
  [epoch 4 batch 630] loss=1.5597
  [epoch 4 batch 640] loss=1.5431
  [epoch 4 batch 650] loss=1.6450
  [epoch 4 batch 660] loss=1.5896
  [epoch 4 batch 670] loss=1.6675
  [epoch 4 batch 680] loss=1.5296
  [epoch 4 batch 690] loss=1.5412
/home/zaher/projects/samar/samar/tokenizer.py:65: UserWarning: [DescriptionVocab] 107 overlapping strings have different IDs in SamarVocab vs DescriptionVocab (e.g. [('TimeSignature_1/2', 748, 1138), ('TimeSignature_2/2', 775, 1165), ('TimeSignature_3/2', 794, 1184), ('TimeSignature_4/2', 808, 1198), ('TimeSignature_5/2', 821, 1211)]). Cross-tokenizer use will mis-encode. This is by-design per FIGARO two-stream split, but be careful: always use SamarTokenizer for events and DescriptionTokenizer for descriptions.
  self.vocab = vocab or DescriptionVocab()
/home/zaher/projects/samar/samar/tokenizer.py:65: UserWarning: [DescriptionVocab] 107 overlapping strings have different IDs in SamarVocab vs DescriptionVocab (e.g. [('TimeSignature_1/2', 748, 1138), ('TimeSignature_2/2', 775, 1165), ('TimeSignature_3/2', 794, 1184), ('TimeSignature_4/2', 808, 1198), ('TimeSignature_5/2', 821, 1211)]). Cross-tokenizer use will mis-encode. This is by-design per FIGARO two-stream split, but be careful: always use SamarTokenizer for events and DescriptionTokenizer for descriptions.
  self.vocab = vocab or DescriptionVocab()
/home/zaher/projects/samar/samar/tokenizer.py:65: UserWarning: [DescriptionVocab] 107 overlapping strings have different IDs in SamarVocab vs DescriptionVocab (e.g. [('TimeSignature_1/2', 748, 1138), ('TimeSignature_2/2', 775, 1165), ('TimeSignature_3/2', 794, 1184), ('TimeSignature_4/2', 808, 1198), ('TimeSignature_5/2', 821, 1211)]). Cross-tokenizer use will mis-encode. This is by-design per FIGARO two-stream split, but be careful: always use SamarTokenizer for events and DescriptionTokenizer for descriptions.
  self.vocab = vocab or DescriptionVocab()
/home/zaher/projects/samar/samar/tokenizer.py:65: UserWarning: [DescriptionVocab] 107 overlapping strings have different IDs in SamarVocab vs DescriptionVocab (e.g. [('TimeSignature_1/2', 748, 1138), ('TimeSignature_2/2', 775, 1165), ('TimeSignature_3/2', 794, 1184), ('TimeSignature_4/2', 808, 1198), ('TimeSignature_5/2', 821, 1211)]). Cross-tokenizer use will mis-encode. This is by-design per FIGARO two-stream split, but be careful: always use SamarTokenizer for events and DescriptionTokenizer for descriptions.
  self.vocab = vocab or DescriptionVocab()
Epoch 4/5  train_loss=1.6092  val_loss=1.5534
[trainer] New best val_loss=1.5534
[trainer] Saved weights -> checkpoints/samar_transformer_r22_v5.pt
[trainer] Saved config  -> checkpoints/samar_transformer_r22_v5_config.json
[trainer] Saved best   -> checkpoints/samar_transformer_r22_v5_best.pt
/home/zaher/projects/samar/samar/tokenizer.py:65: UserWarning: [DescriptionVocab] 107 overlapping strings have different IDs in SamarVocab vs DescriptionVocab (e.g. [('TimeSignature_1/2', 748, 1138), ('TimeSignature_2/2', 775, 1165), ('TimeSignature_3/2', 794, 1184), ('TimeSignature_4/2', 808, 1198), ('TimeSignature_5/2', 821, 1211)]). Cross-tokenizer use will mis-encode. This is by-design per FIGARO two-stream split, but be careful: always use SamarTokenizer for events and DescriptionTokenizer for descriptions.
  self.vocab = vocab or DescriptionVocab()
/home/zaher/projects/samar/samar/tokenizer.py:65: UserWarning: [DescriptionVocab] 107 overlapping strings have different IDs in SamarVocab vs DescriptionVocab (e.g. [('TimeSignature_1/2', 748, 1138), ('TimeSignature_2/2', 775, 1165), ('TimeSignature_3/2', 794, 1184), ('TimeSignature_4/2', 808, 1198), ('TimeSignature_5/2', 821, 1211)]). Cross-tokenizer use will mis-encode. This is by-design per FIGARO two-stream split, but be careful: always use SamarTokenizer for events and DescriptionTokenizer for descriptions.
  self.vocab = vocab or DescriptionVocab()
/home/zaher/projects/samar/samar/tokenizer.py:65: UserWarning: [DescriptionVocab] 107 overlapping strings have different IDs in SamarVocab vs DescriptionVocab (e.g. [('TimeSignature_1/2', 748, 1138), ('TimeSignature_2/2', 775, 1165), ('TimeSignature_3/2', 794, 1184), ('TimeSignature_4/2', 808, 1198), ('TimeSignature_5/2', 821, 1211)]). Cross-tokenizer use will mis-encode. This is by-design per FIGARO two-stream split, but be careful: always use SamarTokenizer for events and DescriptionTokenizer for descriptions.
  self.vocab = vocab or DescriptionVocab()
/home/zaher/projects/samar/samar/tokenizer.py:65: UserWarning: [DescriptionVocab] 107 overlapping strings have different IDs in SamarVocab vs DescriptionVocab (e.g. [('TimeSignature_1/2', 748, 1138), ('TimeSignature_2/2', 775, 1165), ('TimeSignature_3/2', 794, 1184), ('TimeSignature_4/2', 808, 1198), ('TimeSignature_5/2', 821, 1211)]). Cross-tokenizer use will mis-encode. This is by-design per FIGARO two-stream split, but be careful: always use SamarTokenizer for events and DescriptionTokenizer for descriptions.
  self.vocab = vocab or DescriptionVocab()
  [epoch 5 batch 10] loss=1.5635
  [epoch 5 batch 20] loss=1.5680
  [epoch 5 batch 30] loss=1.5612
  [epoch 5 batch 40] loss=1.5771
  [epoch 5 batch 50] loss=1.5870
  [epoch 5 batch 60] loss=1.5467
  [epoch 5 batch 70] loss=1.6077
  [epoch 5 batch 80] loss=1.5767
  [epoch 5 batch 90] loss=1.6284
  [epoch 5 batch 100] loss=1.5806
  [epoch 5 batch 110] loss=1.5607
  [epoch 5 batch 120] loss=1.5501
  [epoch 5 batch 130] loss=1.5830
  [epoch 5 batch 140] loss=1.5738
  [epoch 5 batch 150] loss=1.5876
  [epoch 5 batch 160] loss=1.5738
  [epoch 5 batch 170] loss=1.6599
  [epoch 5 batch 180] loss=1.6118
  [epoch 5 batch 190] loss=1.5737
  [epoch 5 batch 200] loss=1.5391
  [epoch 5 batch 210] loss=1.5574
  [epoch 5 batch 220] loss=1.5663
  [epoch 5 batch 230] loss=1.5917
  [epoch 5 batch 240] loss=1.5603
  [epoch 5 batch 250] loss=1.5515
  [epoch 5 batch 260] loss=1.5360
  [epoch 5 batch 270] loss=1.4881
  [epoch 5 batch 280] loss=1.6396
  [epoch 5 batch 290] loss=1.5396
  [epoch 5 batch 300] loss=1.5944
  [epoch 5 batch 310] loss=1.6205
  [epoch 5 batch 320] loss=1.6078
  [epoch 5 batch 330] loss=1.5138
  [epoch 5 batch 340] loss=1.6149
  [epoch 5 batch 350] loss=1.4871
  [epoch 5 batch 360] loss=1.5681
  [epoch 5 batch 370] loss=1.6267
  [epoch 5 batch 380] loss=1.5864
  [epoch 5 batch 390] loss=1.5742
  [epoch 5 batch 400] loss=1.6269
  [epoch 5 batch 410] loss=1.6162
  [epoch 5 batch 420] loss=1.4609
  [epoch 5 batch 430] loss=1.5772
  [epoch 5 batch 440] loss=1.6009
  [epoch 5 batch 450] loss=1.5816
  [epoch 5 batch 460] loss=1.5511
  [epoch 5 batch 470] loss=1.5296
  [epoch 5 batch 480] loss=1.5686
  [epoch 5 batch 490] loss=1.5981
  [epoch 5 batch 500] loss=1.6035
  [epoch 5 batch 510] loss=1.4757
  [epoch 5 batch 520] loss=1.5737
  [epoch 5 batch 530] loss=1.5565
  [epoch 5 batch 540] loss=1.5284
  [epoch 5 batch 550] loss=1.5082
  [epoch 5 batch 560] loss=1.5201
  [epoch 5 batch 570] loss=1.7482
  [epoch 5 batch 580] loss=1.4931
  [epoch 5 batch 590] loss=1.5810
  [epoch 5 batch 600] loss=1.4698
  [epoch 5 batch 610] loss=1.5705
  [epoch 5 batch 620] loss=1.5938
  [epoch 5 batch 630] loss=1.5373
  [epoch 5 batch 640] loss=1.6111
  [epoch 5 batch 650] loss=1.5338
  [epoch 5 batch 660] loss=1.4808
  [epoch 5 batch 670] loss=1.5829
  [epoch 5 batch 680] loss=1.5302
  [epoch 5 batch 690] loss=1.4821
/home/zaher/projects/samar/samar/tokenizer.py:65: UserWarning: [DescriptionVocab] 107 overlapping strings have different IDs in SamarVocab vs DescriptionVocab (e.g. [('TimeSignature_1/2', 748, 1138), ('TimeSignature_2/2', 775, 1165), ('TimeSignature_3/2', 794, 1184), ('TimeSignature_4/2', 808, 1198), ('TimeSignature_5/2', 821, 1211)]). Cross-tokenizer use will mis-encode. This is by-design per FIGARO two-stream split, but be careful: always use SamarTokenizer for events and DescriptionTokenizer for descriptions.
  self.vocab = vocab or DescriptionVocab()
/home/zaher/projects/samar/samar/tokenizer.py:65: UserWarning: [DescriptionVocab] 107 overlapping strings have different IDs in SamarVocab vs DescriptionVocab (e.g. [('TimeSignature_1/2', 748, 1138), ('TimeSignature_2/2', 775, 1165), ('TimeSignature_3/2', 794, 1184), ('TimeSignature_4/2', 808, 1198), ('TimeSignature_5/2', 821, 1211)]). Cross-tokenizer use will mis-encode. This is by-design per FIGARO two-stream split, but be careful: always use SamarTokenizer for events and DescriptionTokenizer for descriptions.
  self.vocab = vocab or DescriptionVocab()
/home/zaher/projects/samar/samar/tokenizer.py:65: UserWarning: [DescriptionVocab] 107 overlapping strings have different IDs in SamarVocab vs DescriptionVocab (e.g. [('TimeSignature_1/2', 748, 1138), ('TimeSignature_2/2', 775, 1165), ('TimeSignature_3/2', 794, 1184), ('TimeSignature_4/2', 808, 1198), ('TimeSignature_5/2', 821, 1211)]). Cross-tokenizer use will mis-encode. This is by-design per FIGARO two-stream split, but be careful: always use SamarTokenizer for events and DescriptionTokenizer for descriptions.
  self.vocab = vocab or DescriptionVocab()
/home/zaher/projects/samar/samar/tokenizer.py:65: UserWarning: [DescriptionVocab] 107 overlapping strings have different IDs in SamarVocab vs DescriptionVocab (e.g. [('TimeSignature_1/2', 748, 1138), ('TimeSignature_2/2', 775, 1165), ('TimeSignature_3/2', 794, 1184), ('TimeSignature_4/2', 808, 1198), ('TimeSignature_5/2', 821, 1211)]). Cross-tokenizer use will mis-encode. This is by-design per FIGARO two-stream split, but be careful: always use SamarTokenizer for events and DescriptionTokenizer for descriptions.
  self.vocab = vocab or DescriptionVocab()
Epoch 5/5  train_loss=1.5704  val_loss=1.5151
[trainer] New best val_loss=1.5151
[trainer] Saved weights -> checkpoints/samar_transformer_r22_v5.pt
[trainer] Saved config  -> checkpoints/samar_transformer_r22_v5_config.json
[trainer] Saved best   -> checkpoints/samar_transformer_r22_v5_best.pt
