/home/zaher/projects/samar/samar/models/samar_transformer.py:43: UserWarning: [DescriptionVocab] 107 overlapping strings have different IDs in SamarVocab vs DescriptionVocab (e.g. [('TimeSignature_1/2', 748, 1138), ('TimeSignature_2/2', 775, 1165), ('TimeSignature_3/2', 794, 1184), ('TimeSignature_4/2', 808, 1198), ('TimeSignature_5/2', 821, 1211)]). Cross-tokenizer use will mis-encode. This is by-design per FIGARO two-stream split, but be careful: always use SamarTokenizer for events and DescriptionTokenizer for descriptions.
  desc_vocab_size = len(DescriptionVocab())
/home/zaher/projects/samar/.venv/lib/python3.12/site-packages/torch/nn/modules/transformer.py:143: UserWarning: enable_nested_tensor is True, but self.use_nested_tensor is False because encoder_layer.self_attn.batch_first was not True(use batch_first for better inference performance)
  self.encoder = TransformerEncoder(
[model] Total parameters: 5,344,241
[SamarLatentDataset] Filtered 1 samples shorter than 16 tokens (667 -> 666 samples)
[trainer] Split 666 samples into 600 train / 66 val
/home/zaher/projects/samar/samar/tokenizer.py:65: UserWarning: [DescriptionVocab] 107 overlapping strings have different IDs in SamarVocab vs DescriptionVocab (e.g. [('TimeSignature_1/2', 748, 1138), ('TimeSignature_2/2', 775, 1165), ('TimeSignature_3/2', 794, 1184), ('TimeSignature_4/2', 808, 1198), ('TimeSignature_5/2', 821, 1211)]). Cross-tokenizer use will mis-encode. This is by-design per FIGARO two-stream split, but be careful: always use SamarTokenizer for events and DescriptionTokenizer for descriptions.
  self.vocab = vocab or DescriptionVocab()
  [epoch 1 batch 10] loss=5.6469
  [epoch 1 batch 20] loss=5.0393
  [epoch 1 batch 30] loss=4.4874
Epoch 1/5  train_loss=5.2384  val_loss=4.2023
[trainer] New best val_loss=4.2023
[trainer] Saved weights -> checkpoints/samar_transformer_r20.pt
[trainer] Saved config  -> checkpoints/samar_transformer_r20_config.json
[trainer] Saved best   -> checkpoints/samar_transformer_r20_best.pt
  [epoch 2 batch 10] loss=3.9970
  [epoch 2 batch 20] loss=3.4879
  [epoch 2 batch 30] loss=3.1448
Epoch 2/5  train_loss=3.6150  val_loss=2.8021
[trainer] New best val_loss=2.8021
[trainer] Saved weights -> checkpoints/samar_transformer_r20.pt
[trainer] Saved config  -> checkpoints/samar_transformer_r20_config.json
[trainer] Saved best   -> checkpoints/samar_transformer_r20_best.pt
  [epoch 3 batch 10] loss=2.6748
  [epoch 3 batch 20] loss=2.6015
  [epoch 3 batch 30] loss=2.3270
Epoch 3/5  train_loss=2.6223  val_loss=2.1119
[trainer] New best val_loss=2.1119
[trainer] Saved weights -> checkpoints/samar_transformer_r20.pt
[trainer] Saved config  -> checkpoints/samar_transformer_r20_config.json
[trainer] Saved best   -> checkpoints/samar_transformer_r20_best.pt
  [epoch 4 batch 10] loss=2.2435
  [epoch 4 batch 20] loss=2.1008
  [epoch 4 batch 30] loss=1.9804
Epoch 4/5  train_loss=2.1179  val_loss=1.7902
[trainer] New best val_loss=1.7902
[trainer] Saved weights -> checkpoints/samar_transformer_r20.pt
[trainer] Saved config  -> checkpoints/samar_transformer_r20_config.json
[trainer] Saved best   -> checkpoints/samar_transformer_r20_best.pt
  [epoch 5 batch 10] loss=2.2377
  [epoch 5 batch 20] loss=1.8312
  [epoch 5 batch 30] loss=1.8073
Epoch 5/5  train_loss=1.8689  val_loss=1.6452
[trainer] New best val_loss=1.6452
[trainer] Saved weights -> checkpoints/samar_transformer_r20.pt
[trainer] Saved config  -> checkpoints/samar_transformer_r20_config.json
[trainer] Saved best   -> checkpoints/samar_transformer_r20_best.pt
