/home/zaher/projects/samar/samar/models/samar_transformer.py:43: UserWarning: [DescriptionVocab] 107 overlapping strings have different IDs in SamarVocab vs DescriptionVocab (e.g. [('TimeSignature_1/2', 748, 1132), ('TimeSignature_2/2', 775, 1159), ('TimeSignature_3/2', 794, 1178), ('TimeSignature_4/2', 808, 1192), ('TimeSignature_5/2', 821, 1205)]). Cross-tokenizer use will mis-encode. This is by-design per FIGARO two-stream split, but be careful: always use SamarTokenizer for events and DescriptionTokenizer for descriptions.
  desc_vocab_size = len(DescriptionVocab())
/home/zaher/projects/samar/.venv/lib/python3.12/site-packages/torch/nn/modules/transformer.py:143: UserWarning: enable_nested_tensor is True, but self.use_nested_tensor is False because encoder_layer.self_attn.batch_first was not True(use batch_first for better inference performance)
  self.encoder = TransformerEncoder(
[model] Total parameters: 5,338,598
[trainer] Split 658 samples into 593 train / 65 val
/home/zaher/projects/samar/samar/tokenizer.py:65: UserWarning: [DescriptionVocab] 107 overlapping strings have different IDs in SamarVocab vs DescriptionVocab (e.g. [('TimeSignature_1/2', 748, 1132), ('TimeSignature_2/2', 775, 1159), ('TimeSignature_3/2', 794, 1178), ('TimeSignature_4/2', 808, 1192), ('TimeSignature_5/2', 821, 1205)]). Cross-tokenizer use will mis-encode. This is by-design per FIGARO two-stream split, but be careful: always use SamarTokenizer for events and DescriptionTokenizer for descriptions.
  self.vocab = vocab or DescriptionVocab()
  [epoch 1 batch 10] loss=5.4098
  [epoch 1 batch 20] loss=4.9998
  [epoch 1 batch 30] loss=4.6858
Epoch 1/3  train_loss=5.1148  val_loss=4.0909
[trainer] New best val_loss=4.0909
[trainer] Saved weights -> /home/zaher/projects/samar/checkpoints/samar_transformer.pt
[trainer] Saved config  -> /home/zaher/projects/samar/checkpoints/samar_transformer_config.json
[trainer] Saved best   -> /home/zaher/projects/samar/checkpoints/samar_transformer_best.pt
  [epoch 2 batch 10] loss=3.9272
  [epoch 2 batch 20] loss=3.5169
  [epoch 2 batch 30] loss=3.0142
Epoch 2/3  train_loss=3.5343  val_loss=2.8014
[trainer] New best val_loss=2.8014
[trainer] Saved weights -> /home/zaher/projects/samar/checkpoints/samar_transformer.pt
[trainer] Saved config  -> /home/zaher/projects/samar/checkpoints/samar_transformer_config.json
[trainer] Saved best   -> /home/zaher/projects/samar/checkpoints/samar_transformer_best.pt
  [epoch 3 batch 10] loss=2.7220
  [epoch 3 batch 20] loss=2.5174
  [epoch 3 batch 30] loss=2.3734
Epoch 3/3  train_loss=2.6108  val_loss=2.2053
[trainer] New best val_loss=2.2053
[trainer] Saved weights -> /home/zaher/projects/samar/checkpoints/samar_transformer.pt
[trainer] Saved config  -> /home/zaher/projects/samar/checkpoints/samar_transformer_config.json
[trainer] Saved best   -> /home/zaher/projects/samar/checkpoints/samar_transformer_best.pt
