/home/zaher/projects/samar/samar/models/samar_transformer.py:43: UserWarning: [DescriptionVocab] 107 overlapping strings have different IDs in SamarVocab vs DescriptionVocab (e.g. [('TimeSignature_1/2', 748, 1140), ('TimeSignature_2/2', 775, 1167), ('TimeSignature_3/2', 794, 1186), ('TimeSignature_4/2', 808, 1200), ('TimeSignature_5/2', 821, 1213)]). Cross-tokenizer use will mis-encode. This is by-design per FIGARO two-stream split, but be careful: always use SamarTokenizer for events and DescriptionTokenizer for descriptions.
  desc_vocab_size = len(DescriptionVocab())
/home/zaher/projects/samar/.venv/lib/python3.12/site-packages/torch/nn/modules/transformer.py:143: UserWarning: enable_nested_tensor is True, but self.use_nested_tensor is False because encoder_layer.self_attn.batch_first was not True(use batch_first for better inference performance)
  self.encoder = TransformerEncoder(
[model] Total parameters: 5,345,267
[trainer] Resuming from checkpoint: checkpoints/samar_transformer_r23_v6_best.pt
[SamarLatentDataset] Filtered 4 samples shorter than 16 tokens (13492 -> 13488 samples)
[trainer] Split 13488 samples into 12140 train / 1348 val
[trainer] Resuming from epoch 5, best_val=1.4144
[trainer] Restored optimizer state from resume
[trainer] Restored scheduler state from resume (last_epoch=3795)
/home/zaher/projects/samar/samar/tokenizer.py:65: UserWarning: [DescriptionVocab] 107 overlapping strings have different IDs in SamarVocab vs DescriptionVocab (e.g. [('TimeSignature_1/2', 748, 1140), ('TimeSignature_2/2', 775, 1167), ('TimeSignature_3/2', 794, 1186), ('TimeSignature_4/2', 808, 1200), ('TimeSignature_5/2', 821, 1213)]). Cross-tokenizer use will mis-encode. This is by-design per FIGARO two-stream split, but be careful: always use SamarTokenizer for events and DescriptionTokenizer for descriptions.
  self.vocab = vocab or DescriptionVocab()
/home/zaher/projects/samar/samar/tokenizer.py:65: UserWarning: [DescriptionVocab] 107 overlapping strings have different IDs in SamarVocab vs DescriptionVocab (e.g. [('TimeSignature_1/2', 748, 1140), ('TimeSignature_2/2', 775, 1167), ('TimeSignature_3/2', 794, 1186), ('TimeSignature_4/2', 808, 1200), ('TimeSignature_5/2', 821, 1213)]). Cross-tokenizer use will mis-encode. This is by-design per FIGARO two-stream split, but be careful: always use SamarTokenizer for events and DescriptionTokenizer for descriptions.
  self.vocab = vocab or DescriptionVocab()
/home/zaher/projects/samar/samar/tokenizer.py:65: UserWarning: [DescriptionVocab] 107 overlapping strings have different IDs in SamarVocab vs DescriptionVocab (e.g. [('TimeSignature_1/2', 748, 1140), ('TimeSignature_2/2', 775, 1167), ('TimeSignature_3/2', 794, 1186), ('TimeSignature_4/2', 808, 1200), ('TimeSignature_5/2', 821, 1213)]). Cross-tokenizer use will mis-encode. This is by-design per FIGARO two-stream split, but be careful: always use SamarTokenizer for events and DescriptionTokenizer for descriptions.
  self.vocab = vocab or DescriptionVocab()
/home/zaher/projects/samar/samar/tokenizer.py:65: UserWarning: [DescriptionVocab] 107 overlapping strings have different IDs in SamarVocab vs DescriptionVocab (e.g. [('TimeSignature_1/2', 748, 1140), ('TimeSignature_2/2', 775, 1167), ('TimeSignature_3/2', 794, 1186), ('TimeSignature_4/2', 808, 1200), ('TimeSignature_5/2', 821, 1213)]). Cross-tokenizer use will mis-encode. This is by-design per FIGARO two-stream split, but be careful: always use SamarTokenizer for events and DescriptionTokenizer for descriptions.
  self.vocab = vocab or DescriptionVocab()
  [epoch 6 batch 10] loss=1.4981
  [epoch 6 batch 20] loss=1.4271
  [epoch 6 batch 30] loss=1.4392
  [epoch 6 batch 40] loss=1.4006
  [epoch 6 batch 50] loss=1.4897
  [epoch 6 batch 60] loss=1.4828
  [epoch 6 batch 70] loss=1.3518
  [epoch 6 batch 80] loss=1.4441
  [epoch 6 batch 90] loss=1.4793
  [epoch 6 batch 100] loss=1.3721
  [epoch 6 batch 110] loss=1.3593
  [epoch 6 batch 120] loss=1.4006
  [epoch 6 batch 130] loss=1.4899
  [epoch 6 batch 140] loss=1.4367
  [epoch 6 batch 150] loss=1.3896
  [epoch 6 batch 160] loss=1.4936
  [epoch 6 batch 170] loss=1.4843
  [epoch 6 batch 180] loss=1.4426
  [epoch 6 batch 190] loss=1.4648
  [epoch 6 batch 200] loss=1.4024
  [epoch 6 batch 210] loss=1.4416
  [epoch 6 batch 220] loss=1.4642
  [epoch 6 batch 230] loss=1.4587
  [epoch 6 batch 240] loss=1.4760
  [epoch 6 batch 250] loss=1.4288
  [epoch 6 batch 260] loss=1.4478
  [epoch 6 batch 270] loss=1.4693
  [epoch 6 batch 280] loss=1.4207
  [epoch 6 batch 290] loss=1.4496
  [epoch 6 batch 300] loss=1.3853
  [epoch 6 batch 310] loss=1.5087
  [epoch 6 batch 320] loss=1.4663
  [epoch 6 batch 330] loss=1.3703
  [epoch 6 batch 340] loss=1.3606
  [epoch 6 batch 350] loss=1.4080
  [epoch 6 batch 360] loss=1.4272
  [epoch 6 batch 370] loss=1.4562
  [epoch 6 batch 380] loss=1.4604
  [epoch 6 batch 390] loss=1.4742
  [epoch 6 batch 400] loss=1.5379
  [epoch 6 batch 410] loss=1.4896
  [epoch 6 batch 420] loss=1.5350
  [epoch 6 batch 430] loss=1.5313
  [epoch 6 batch 440] loss=1.4376
  [epoch 6 batch 450] loss=1.4733
  [epoch 6 batch 460] loss=1.3959
  [epoch 6 batch 470] loss=1.4424
  [epoch 6 batch 480] loss=1.4158
  [epoch 6 batch 490] loss=1.4191
  [epoch 6 batch 500] loss=1.4977
  [epoch 6 batch 510] loss=1.4416
  [epoch 6 batch 520] loss=1.4453
  [epoch 6 batch 530] loss=1.4401
  [epoch 6 batch 540] loss=1.4054
  [epoch 6 batch 550] loss=1.4517
  [epoch 6 batch 560] loss=1.3728
  [epoch 6 batch 570] loss=1.4475
  [epoch 6 batch 580] loss=1.4062
  [epoch 6 batch 590] loss=1.4768
  [epoch 6 batch 600] loss=1.4282
  [epoch 6 batch 610] loss=1.5916
  [epoch 6 batch 620] loss=1.4489
  [epoch 6 batch 630] loss=1.5006
  [epoch 6 batch 640] loss=1.4279
  [epoch 6 batch 650] loss=1.4427
  [epoch 6 batch 660] loss=1.4171
  [epoch 6 batch 670] loss=1.5032
  [epoch 6 batch 680] loss=1.4372
  [epoch 6 batch 690] loss=1.3829
  [epoch 6 batch 700] loss=1.4777
  [epoch 6 batch 710] loss=1.5429
  [epoch 6 batch 720] loss=1.3618
  [epoch 6 batch 730] loss=1.4444
  [epoch 6 batch 740] loss=1.3757
  [epoch 6 batch 750] loss=1.4957
/home/zaher/projects/samar/samar/tokenizer.py:65: UserWarning: [DescriptionVocab] 107 overlapping strings have different IDs in SamarVocab vs DescriptionVocab (e.g. [('TimeSignature_1/2', 748, 1140), ('TimeSignature_2/2', 775, 1167), ('TimeSignature_3/2', 794, 1186), ('TimeSignature_4/2', 808, 1200), ('TimeSignature_5/2', 821, 1213)]). Cross-tokenizer use will mis-encode. This is by-design per FIGARO two-stream split, but be careful: always use SamarTokenizer for events and DescriptionTokenizer for descriptions.
  self.vocab = vocab or DescriptionVocab()
/home/zaher/projects/samar/samar/tokenizer.py:65: UserWarning: [DescriptionVocab] 107 overlapping strings have different IDs in SamarVocab vs DescriptionVocab (e.g. [('TimeSignature_1/2', 748, 1140), ('TimeSignature_2/2', 775, 1167), ('TimeSignature_3/2', 794, 1186), ('TimeSignature_4/2', 808, 1200), ('TimeSignature_5/2', 821, 1213)]). Cross-tokenizer use will mis-encode. This is by-design per FIGARO two-stream split, but be careful: always use SamarTokenizer for events and DescriptionTokenizer for descriptions.
  self.vocab = vocab or DescriptionVocab()
/home/zaher/projects/samar/samar/tokenizer.py:65: UserWarning: [DescriptionVocab] 107 overlapping strings have different IDs in SamarVocab vs DescriptionVocab (e.g. [('TimeSignature_1/2', 748, 1140), ('TimeSignature_2/2', 775, 1167), ('TimeSignature_3/2', 794, 1186), ('TimeSignature_4/2', 808, 1200), ('TimeSignature_5/2', 821, 1213)]). Cross-tokenizer use will mis-encode. This is by-design per FIGARO two-stream split, but be careful: always use SamarTokenizer for events and DescriptionTokenizer for descriptions.
  self.vocab = vocab or DescriptionVocab()
/home/zaher/projects/samar/samar/tokenizer.py:65: UserWarning: [DescriptionVocab] 107 overlapping strings have different IDs in SamarVocab vs DescriptionVocab (e.g. [('TimeSignature_1/2', 748, 1140), ('TimeSignature_2/2', 775, 1167), ('TimeSignature_3/2', 794, 1186), ('TimeSignature_4/2', 808, 1200), ('TimeSignature_5/2', 821, 1213)]). Cross-tokenizer use will mis-encode. This is by-design per FIGARO two-stream split, but be careful: always use SamarTokenizer for events and DescriptionTokenizer for descriptions.
  self.vocab = vocab or DescriptionVocab()
Epoch 6/10  train_loss=1.4473  val_loss=1.3883
[trainer] New best val_loss=1.3883
[trainer] Saved weights -> checkpoints/samar_transformer_r25_v6.pt
[trainer] Saved config  -> checkpoints/samar_transformer_r25_v6_config.json
[trainer] Saved best   -> checkpoints/samar_transformer_r25_v6_best.pt
/home/zaher/projects/samar/samar/tokenizer.py:65: UserWarning: [DescriptionVocab] 107 overlapping strings have different IDs in SamarVocab vs DescriptionVocab (e.g. [('TimeSignature_1/2', 748, 1140), ('TimeSignature_2/2', 775, 1167), ('TimeSignature_3/2', 794, 1186), ('TimeSignature_4/2', 808, 1200), ('TimeSignature_5/2', 821, 1213)]). Cross-tokenizer use will mis-encode. This is by-design per FIGARO two-stream split, but be careful: always use SamarTokenizer for events and DescriptionTokenizer for descriptions.
  self.vocab = vocab or DescriptionVocab()
/home/zaher/projects/samar/samar/tokenizer.py:65: UserWarning: [DescriptionVocab] 107 overlapping strings have different IDs in SamarVocab vs DescriptionVocab (e.g. [('TimeSignature_1/2', 748, 1140), ('TimeSignature_2/2', 775, 1167), ('TimeSignature_3/2', 794, 1186), ('TimeSignature_4/2', 808, 1200), ('TimeSignature_5/2', 821, 1213)]). Cross-tokenizer use will mis-encode. This is by-design per FIGARO two-stream split, but be careful: always use SamarTokenizer for events and DescriptionTokenizer for descriptions.
  self.vocab = vocab or DescriptionVocab()
/home/zaher/projects/samar/samar/tokenizer.py:65: UserWarning: [DescriptionVocab] 107 overlapping strings have different IDs in SamarVocab vs DescriptionVocab (e.g. [('TimeSignature_1/2', 748, 1140), ('TimeSignature_2/2', 775, 1167), ('TimeSignature_3/2', 794, 1186), ('TimeSignature_4/2', 808, 1200), ('TimeSignature_5/2', 821, 1213)]). Cross-tokenizer use will mis-encode. This is by-design per FIGARO two-stream split, but be careful: always use SamarTokenizer for events and DescriptionTokenizer for descriptions.
  self.vocab = vocab or DescriptionVocab()
/home/zaher/projects/samar/samar/tokenizer.py:65: UserWarning: [DescriptionVocab] 107 overlapping strings have different IDs in SamarVocab vs DescriptionVocab (e.g. [('TimeSignature_1/2', 748, 1140), ('TimeSignature_2/2', 775, 1167), ('TimeSignature_3/2', 794, 1186), ('TimeSignature_4/2', 808, 1200), ('TimeSignature_5/2', 821, 1213)]). Cross-tokenizer use will mis-encode. This is by-design per FIGARO two-stream split, but be careful: always use SamarTokenizer for events and DescriptionTokenizer for descriptions.
  self.vocab = vocab or DescriptionVocab()
  [epoch 7 batch 10] loss=1.4134
  [epoch 7 batch 20] loss=1.4096
  [epoch 7 batch 30] loss=1.4295
  [epoch 7 batch 40] loss=1.3902
  [epoch 7 batch 50] loss=1.4558
  [epoch 7 batch 60] loss=1.4498
  [epoch 7 batch 70] loss=1.3556
  [epoch 7 batch 80] loss=1.3772
  [epoch 7 batch 90] loss=1.4106
  [epoch 7 batch 100] loss=1.4715
  [epoch 7 batch 110] loss=1.4425
  [epoch 7 batch 120] loss=1.4674
  [epoch 7 batch 130] loss=1.5107
  [epoch 7 batch 140] loss=1.4045
  [epoch 7 batch 150] loss=1.4287
  [epoch 7 batch 160] loss=1.4195
  [epoch 7 batch 170] loss=1.4602
  [epoch 7 batch 180] loss=1.4910
  [epoch 7 batch 190] loss=1.4360
  [epoch 7 batch 200] loss=1.4184
  [epoch 7 batch 210] loss=1.4244
  [epoch 7 batch 220] loss=1.4247
  [epoch 7 batch 230] loss=1.5161
  [epoch 7 batch 240] loss=1.4077
  [epoch 7 batch 250] loss=1.4359
  [epoch 7 batch 260] loss=1.4914
  [epoch 7 batch 270] loss=1.3647
  [epoch 7 batch 280] loss=1.5065
  [epoch 7 batch 290] loss=1.3843
  [epoch 7 batch 300] loss=1.4068
  [epoch 7 batch 310] loss=1.4361
  [epoch 7 batch 320] loss=1.3983
  [epoch 7 batch 330] loss=1.4392
  [epoch 7 batch 340] loss=1.3814
  [epoch 7 batch 350] loss=1.4010
  [epoch 7 batch 360] loss=1.4803
  [epoch 7 batch 370] loss=1.4023
  [epoch 7 batch 380] loss=1.5229
  [epoch 7 batch 390] loss=1.4070
  [epoch 7 batch 400] loss=1.4628
  [epoch 7 batch 410] loss=1.3551
  [epoch 7 batch 420] loss=1.3803
  [epoch 7 batch 430] loss=1.3879
  [epoch 7 batch 440] loss=1.3827
  [epoch 7 batch 450] loss=1.4074
  [epoch 7 batch 460] loss=1.4394
  [epoch 7 batch 470] loss=1.4595
  [epoch 7 batch 480] loss=1.4297
  [epoch 7 batch 490] loss=1.4671
  [epoch 7 batch 500] loss=1.4508
  [epoch 7 batch 510] loss=1.3377
  [epoch 7 batch 520] loss=1.4762
  [epoch 7 batch 530] loss=1.4416
  [epoch 7 batch 540] loss=1.3613
  [epoch 7 batch 550] loss=1.4369
  [epoch 7 batch 560] loss=1.3941
  [epoch 7 batch 570] loss=1.3940
  [epoch 7 batch 580] loss=1.3656
  [epoch 7 batch 590] loss=1.3494
  [epoch 7 batch 600] loss=1.3783
  [epoch 7 batch 610] loss=1.3735
  [epoch 7 batch 620] loss=1.4442
  [epoch 7 batch 630] loss=1.4817
  [epoch 7 batch 640] loss=1.3671
  [epoch 7 batch 650] loss=1.4060
  [epoch 7 batch 660] loss=1.3386
  [epoch 7 batch 670] loss=1.4500
  [epoch 7 batch 680] loss=1.3739
  [epoch 7 batch 690] loss=1.3989
  [epoch 7 batch 700] loss=1.4684
  [epoch 7 batch 710] loss=1.3985
  [epoch 7 batch 720] loss=1.4821
  [epoch 7 batch 730] loss=1.4183
  [epoch 7 batch 740] loss=1.3834
  [epoch 7 batch 750] loss=1.3248
/home/zaher/projects/samar/samar/tokenizer.py:65: UserWarning: [DescriptionVocab] 107 overlapping strings have different IDs in SamarVocab vs DescriptionVocab (e.g. [('TimeSignature_1/2', 748, 1140), ('TimeSignature_2/2', 775, 1167), ('TimeSignature_3/2', 794, 1186), ('TimeSignature_4/2', 808, 1200), ('TimeSignature_5/2', 821, 1213)]). Cross-tokenizer use will mis-encode. This is by-design per FIGARO two-stream split, but be careful: always use SamarTokenizer for events and DescriptionTokenizer for descriptions.
  self.vocab = vocab or DescriptionVocab()
/home/zaher/projects/samar/samar/tokenizer.py:65: UserWarning: [DescriptionVocab] 107 overlapping strings have different IDs in SamarVocab vs DescriptionVocab (e.g. [('TimeSignature_1/2', 748, 1140), ('TimeSignature_2/2', 775, 1167), ('TimeSignature_3/2', 794, 1186), ('TimeSignature_4/2', 808, 1200), ('TimeSignature_5/2', 821, 1213)]). Cross-tokenizer use will mis-encode. This is by-design per FIGARO two-stream split, but be careful: always use SamarTokenizer for events and DescriptionTokenizer for descriptions.
  self.vocab = vocab or DescriptionVocab()
/home/zaher/projects/samar/samar/tokenizer.py:65: UserWarning: [DescriptionVocab] 107 overlapping strings have different IDs in SamarVocab vs DescriptionVocab (e.g. [('TimeSignature_1/2', 748, 1140), ('TimeSignature_2/2', 775, 1167), ('TimeSignature_3/2', 794, 1186), ('TimeSignature_4/2', 808, 1200), ('TimeSignature_5/2', 821, 1213)]). Cross-tokenizer use will mis-encode. This is by-design per FIGARO two-stream split, but be careful: always use SamarTokenizer for events and DescriptionTokenizer for descriptions.
  self.vocab = vocab or DescriptionVocab()
/home/zaher/projects/samar/samar/tokenizer.py:65: UserWarning: [DescriptionVocab] 107 overlapping strings have different IDs in SamarVocab vs DescriptionVocab (e.g. [('TimeSignature_1/2', 748, 1140), ('TimeSignature_2/2', 775, 1167), ('TimeSignature_3/2', 794, 1186), ('TimeSignature_4/2', 808, 1200), ('TimeSignature_5/2', 821, 1213)]). Cross-tokenizer use will mis-encode. This is by-design per FIGARO two-stream split, but be careful: always use SamarTokenizer for events and DescriptionTokenizer for descriptions.
  self.vocab = vocab or DescriptionVocab()
Epoch 7/10  train_loss=1.4246  val_loss=1.3640
[trainer] New best val_loss=1.3640
[trainer] Saved weights -> checkpoints/samar_transformer_r25_v6.pt
[trainer] Saved config  -> checkpoints/samar_transformer_r25_v6_config.json
[trainer] Saved best   -> checkpoints/samar_transformer_r25_v6_best.pt
/home/zaher/projects/samar/samar/tokenizer.py:65: UserWarning: [DescriptionVocab] 107 overlapping strings have different IDs in SamarVocab vs DescriptionVocab (e.g. [('TimeSignature_1/2', 748, 1140), ('TimeSignature_2/2', 775, 1167), ('TimeSignature_3/2', 794, 1186), ('TimeSignature_4/2', 808, 1200), ('TimeSignature_5/2', 821, 1213)]). Cross-tokenizer use will mis-encode. This is by-design per FIGARO two-stream split, but be careful: always use SamarTokenizer for events and DescriptionTokenizer for descriptions.
  self.vocab = vocab or DescriptionVocab()
/home/zaher/projects/samar/samar/tokenizer.py:65: UserWarning: [DescriptionVocab] 107 overlapping strings have different IDs in SamarVocab vs DescriptionVocab (e.g. [('TimeSignature_1/2', 748, 1140), ('TimeSignature_2/2', 775, 1167), ('TimeSignature_3/2', 794, 1186), ('TimeSignature_4/2', 808, 1200), ('TimeSignature_5/2', 821, 1213)]). Cross-tokenizer use will mis-encode. This is by-design per FIGARO two-stream split, but be careful: always use SamarTokenizer for events and DescriptionTokenizer for descriptions.
  self.vocab = vocab or DescriptionVocab()
/home/zaher/projects/samar/samar/tokenizer.py:65: UserWarning: [DescriptionVocab] 107 overlapping strings have different IDs in SamarVocab vs DescriptionVocab (e.g. [('TimeSignature_1/2', 748, 1140), ('TimeSignature_2/2', 775, 1167), ('TimeSignature_3/2', 794, 1186), ('TimeSignature_4/2', 808, 1200), ('TimeSignature_5/2', 821, 1213)]). Cross-tokenizer use will mis-encode. This is by-design per FIGARO two-stream split, but be careful: always use SamarTokenizer for events and DescriptionTokenizer for descriptions.
  self.vocab = vocab or DescriptionVocab()
/home/zaher/projects/samar/samar/tokenizer.py:65: UserWarning: [DescriptionVocab] 107 overlapping strings have different IDs in SamarVocab vs DescriptionVocab (e.g. [('TimeSignature_1/2', 748, 1140), ('TimeSignature_2/2', 775, 1167), ('TimeSignature_3/2', 794, 1186), ('TimeSignature_4/2', 808, 1200), ('TimeSignature_5/2', 821, 1213)]). Cross-tokenizer use will mis-encode. This is by-design per FIGARO two-stream split, but be careful: always use SamarTokenizer for events and DescriptionTokenizer for descriptions.
  self.vocab = vocab or DescriptionVocab()
  [epoch 8 batch 10] loss=1.4101
  [epoch 8 batch 20] loss=1.4437
  [epoch 8 batch 30] loss=1.4121
  [epoch 8 batch 40] loss=1.3445
  [epoch 8 batch 50] loss=1.3743
  [epoch 8 batch 60] loss=1.4061
  [epoch 8 batch 70] loss=1.4175
  [epoch 8 batch 80] loss=1.4019
  [epoch 8 batch 90] loss=1.4656
  [epoch 8 batch 100] loss=1.3183
  [epoch 8 batch 110] loss=1.3781
  [epoch 8 batch 120] loss=1.3549
  [epoch 8 batch 130] loss=1.4887
  [epoch 8 batch 140] loss=1.3642
  [epoch 8 batch 150] loss=1.4695
  [epoch 8 batch 160] loss=1.4366
  [epoch 8 batch 170] loss=1.3626
  [epoch 8 batch 180] loss=1.3602
  [epoch 8 batch 190] loss=1.4684
  [epoch 8 batch 200] loss=1.3970
  [epoch 8 batch 210] loss=1.4317
  [epoch 8 batch 220] loss=1.4553
  [epoch 8 batch 230] loss=1.3460
  [epoch 8 batch 240] loss=1.3857
  [epoch 8 batch 250] loss=1.4058
  [epoch 8 batch 260] loss=1.4520
  [epoch 8 batch 270] loss=1.3542
  [epoch 8 batch 280] loss=1.3476
  [epoch 8 batch 290] loss=1.3984
  [epoch 8 batch 300] loss=1.3574
  [epoch 8 batch 310] loss=1.3819
  [epoch 8 batch 320] loss=1.4371
  [epoch 8 batch 330] loss=1.3552
  [epoch 8 batch 340] loss=1.4221
  [epoch 8 batch 350] loss=1.4445
  [epoch 8 batch 360] loss=1.3449
  [epoch 8 batch 370] loss=1.4071
  [epoch 8 batch 380] loss=1.3689
  [epoch 8 batch 390] loss=1.4315
  [epoch 8 batch 400] loss=1.5079
  [epoch 8 batch 410] loss=1.4580
  [epoch 8 batch 420] loss=1.3911
  [epoch 8 batch 430] loss=1.4726
  [epoch 8 batch 440] loss=1.4069
  [epoch 8 batch 450] loss=1.4200
  [epoch 8 batch 460] loss=1.3299
  [epoch 8 batch 470] loss=1.3844
  [epoch 8 batch 480] loss=1.4156
  [epoch 8 batch 490] loss=1.4263
  [epoch 8 batch 500] loss=1.4889
  [epoch 8 batch 510] loss=1.4996
  [epoch 8 batch 520] loss=1.4046
  [epoch 8 batch 530] loss=1.4329
  [epoch 8 batch 540] loss=1.3407
  [epoch 8 batch 550] loss=1.3747
  [epoch 8 batch 560] loss=1.3579
  [epoch 8 batch 570] loss=1.4516
  [epoch 8 batch 580] loss=1.4314
  [epoch 8 batch 590] loss=1.3769
  [epoch 8 batch 600] loss=1.3969
  [epoch 8 batch 610] loss=1.3706
  [epoch 8 batch 620] loss=1.4523
  [epoch 8 batch 630] loss=1.3720
  [epoch 8 batch 640] loss=1.4243
  [epoch 8 batch 650] loss=1.3765
  [epoch 8 batch 660] loss=1.5191
  [epoch 8 batch 670] loss=1.4780
  [epoch 8 batch 680] loss=1.4044
  [epoch 8 batch 690] loss=1.4059
  [epoch 8 batch 700] loss=1.4909
  [epoch 8 batch 710] loss=1.4387
  [epoch 8 batch 720] loss=1.3699
  [epoch 8 batch 730] loss=1.4038
  [epoch 8 batch 740] loss=1.4263
  [epoch 8 batch 750] loss=1.3709
/home/zaher/projects/samar/samar/tokenizer.py:65: UserWarning: [DescriptionVocab] 107 overlapping strings have different IDs in SamarVocab vs DescriptionVocab (e.g. [('TimeSignature_1/2', 748, 1140), ('TimeSignature_2/2', 775, 1167), ('TimeSignature_3/2', 794, 1186), ('TimeSignature_4/2', 808, 1200), ('TimeSignature_5/2', 821, 1213)]). Cross-tokenizer use will mis-encode. This is by-design per FIGARO two-stream split, but be careful: always use SamarTokenizer for events and DescriptionTokenizer for descriptions.
  self.vocab = vocab or DescriptionVocab()
/home/zaher/projects/samar/samar/tokenizer.py:65: UserWarning: [DescriptionVocab] 107 overlapping strings have different IDs in SamarVocab vs DescriptionVocab (e.g. [('TimeSignature_1/2', 748, 1140), ('TimeSignature_2/2', 775, 1167), ('TimeSignature_3/2', 794, 1186), ('TimeSignature_4/2', 808, 1200), ('TimeSignature_5/2', 821, 1213)]). Cross-tokenizer use will mis-encode. This is by-design per FIGARO two-stream split, but be careful: always use SamarTokenizer for events and DescriptionTokenizer for descriptions.
  self.vocab = vocab or DescriptionVocab()
/home/zaher/projects/samar/samar/tokenizer.py:65: UserWarning: [DescriptionVocab] 107 overlapping strings have different IDs in SamarVocab vs DescriptionVocab (e.g. [('TimeSignature_1/2', 748, 1140), ('TimeSignature_2/2', 775, 1167), ('TimeSignature_3/2', 794, 1186), ('TimeSignature_4/2', 808, 1200), ('TimeSignature_5/2', 821, 1213)]). Cross-tokenizer use will mis-encode. This is by-design per FIGARO two-stream split, but be careful: always use SamarTokenizer for events and DescriptionTokenizer for descriptions.
  self.vocab = vocab or DescriptionVocab()
/home/zaher/projects/samar/samar/tokenizer.py:65: UserWarning: [DescriptionVocab] 107 overlapping strings have different IDs in SamarVocab vs DescriptionVocab (e.g. [('TimeSignature_1/2', 748, 1140), ('TimeSignature_2/2', 775, 1167), ('TimeSignature_3/2', 794, 1186), ('TimeSignature_4/2', 808, 1200), ('TimeSignature_5/2', 821, 1213)]). Cross-tokenizer use will mis-encode. This is by-design per FIGARO two-stream split, but be careful: always use SamarTokenizer for events and DescriptionTokenizer for descriptions.
  self.vocab = vocab or DescriptionVocab()
Epoch 8/10  train_loss=1.4046  val_loss=1.3449
[trainer] New best val_loss=1.3449
[trainer] Saved weights -> checkpoints/samar_transformer_r25_v6.pt
[trainer] Saved config  -> checkpoints/samar_transformer_r25_v6_config.json
[trainer] Saved best   -> checkpoints/samar_transformer_r25_v6_best.pt
/home/zaher/projects/samar/samar/tokenizer.py:65: UserWarning: [DescriptionVocab] 107 overlapping strings have different IDs in SamarVocab vs DescriptionVocab (e.g. [('TimeSignature_1/2', 748, 1140), ('TimeSignature_2/2', 775, 1167), ('TimeSignature_3/2', 794, 1186), ('TimeSignature_4/2', 808, 1200), ('TimeSignature_5/2', 821, 1213)]). Cross-tokenizer use will mis-encode. This is by-design per FIGARO two-stream split, but be careful: always use SamarTokenizer for events and DescriptionTokenizer for descriptions.
  self.vocab = vocab or DescriptionVocab()
/home/zaher/projects/samar/samar/tokenizer.py:65: UserWarning: [DescriptionVocab] 107 overlapping strings have different IDs in SamarVocab vs DescriptionVocab (e.g. [('TimeSignature_1/2', 748, 1140), ('TimeSignature_2/2', 775, 1167), ('TimeSignature_3/2', 794, 1186), ('TimeSignature_4/2', 808, 1200), ('TimeSignature_5/2', 821, 1213)]). Cross-tokenizer use will mis-encode. This is by-design per FIGARO two-stream split, but be careful: always use SamarTokenizer for events and DescriptionTokenizer for descriptions.
  self.vocab = vocab or DescriptionVocab()
/home/zaher/projects/samar/samar/tokenizer.py:65: UserWarning: [DescriptionVocab] 107 overlapping strings have different IDs in SamarVocab vs DescriptionVocab (e.g. [('TimeSignature_1/2', 748, 1140), ('TimeSignature_2/2', 775, 1167), ('TimeSignature_3/2', 794, 1186), ('TimeSignature_4/2', 808, 1200), ('TimeSignature_5/2', 821, 1213)]). Cross-tokenizer use will mis-encode. This is by-design per FIGARO two-stream split, but be careful: always use SamarTokenizer for events and DescriptionTokenizer for descriptions.
  self.vocab = vocab or DescriptionVocab()
/home/zaher/projects/samar/samar/tokenizer.py:65: UserWarning: [DescriptionVocab] 107 overlapping strings have different IDs in SamarVocab vs DescriptionVocab (e.g. [('TimeSignature_1/2', 748, 1140), ('TimeSignature_2/2', 775, 1167), ('TimeSignature_3/2', 794, 1186), ('TimeSignature_4/2', 808, 1200), ('TimeSignature_5/2', 821, 1213)]). Cross-tokenizer use will mis-encode. This is by-design per FIGARO two-stream split, but be careful: always use SamarTokenizer for events and DescriptionTokenizer for descriptions.
  self.vocab = vocab or DescriptionVocab()
  [epoch 9 batch 10] loss=1.3303
  [epoch 9 batch 20] loss=1.4361
  [epoch 9 batch 30] loss=1.4141
  [epoch 9 batch 40] loss=1.3578
  [epoch 9 batch 50] loss=1.3920
  [epoch 9 batch 60] loss=1.4599
  [epoch 9 batch 70] loss=1.4931
  [epoch 9 batch 80] loss=1.4151
  [epoch 9 batch 90] loss=1.3511
  [epoch 9 batch 100] loss=1.3961
  [epoch 9 batch 110] loss=1.3813
  [epoch 9 batch 120] loss=1.3650
  [epoch 9 batch 130] loss=1.4410
  [epoch 9 batch 140] loss=1.3698
  [epoch 9 batch 150] loss=1.3989
  [epoch 9 batch 160] loss=1.4260
  [epoch 9 batch 170] loss=1.3316
  [epoch 9 batch 180] loss=1.3445
  [epoch 9 batch 190] loss=1.3718
  [epoch 9 batch 200] loss=1.4342
  [epoch 9 batch 210] loss=1.3287
  [epoch 9 batch 220] loss=1.4265
  [epoch 9 batch 230] loss=1.3361
  [epoch 9 batch 240] loss=1.3942
  [epoch 9 batch 250] loss=1.3575
  [epoch 9 batch 260] loss=1.4224
  [epoch 9 batch 270] loss=1.3723
  [epoch 9 batch 280] loss=1.3342
  [epoch 9 batch 290] loss=1.4289
  [epoch 9 batch 300] loss=1.2760
  [epoch 9 batch 310] loss=1.3342
  [epoch 9 batch 320] loss=1.3866
  [epoch 9 batch 330] loss=1.3719
  [epoch 9 batch 340] loss=1.4513
  [epoch 9 batch 350] loss=1.3451
  [epoch 9 batch 360] loss=1.4104
  [epoch 9 batch 370] loss=1.2828
  [epoch 9 batch 380] loss=1.3612
  [epoch 9 batch 390] loss=1.3772
  [epoch 9 batch 400] loss=1.3469
  [epoch 9 batch 410] loss=1.4258
  [epoch 9 batch 420] loss=1.3592
  [epoch 9 batch 430] loss=1.3239
  [epoch 9 batch 440] loss=1.3976
  [epoch 9 batch 450] loss=1.4433
  [epoch 9 batch 460] loss=1.3827
  [epoch 9 batch 470] loss=1.4930
  [epoch 9 batch 480] loss=1.3730
  [epoch 9 batch 490] loss=1.3192
  [epoch 9 batch 500] loss=1.3266
  [epoch 9 batch 510] loss=1.3877
  [epoch 9 batch 520] loss=1.3843
  [epoch 9 batch 530] loss=1.4302
  [epoch 9 batch 540] loss=1.3506
  [epoch 9 batch 550] loss=1.3240
  [epoch 9 batch 560] loss=1.3842
  [epoch 9 batch 570] loss=1.3846
  [epoch 9 batch 580] loss=1.3868
  [epoch 9 batch 590] loss=1.2869
  [epoch 9 batch 600] loss=1.4041
  [epoch 9 batch 610] loss=1.3895
  [epoch 9 batch 620] loss=1.3726
  [epoch 9 batch 630] loss=1.4075
  [epoch 9 batch 640] loss=1.3452
  [epoch 9 batch 650] loss=1.3354
  [epoch 9 batch 660] loss=1.3407
  [epoch 9 batch 670] loss=1.4297
  [epoch 9 batch 680] loss=1.4006
  [epoch 9 batch 690] loss=1.5465
  [epoch 9 batch 700] loss=1.3655
  [epoch 9 batch 710] loss=1.3665
  [epoch 9 batch 720] loss=1.3578
  [epoch 9 batch 730] loss=1.4522
  [epoch 9 batch 740] loss=1.4167
  [epoch 9 batch 750] loss=1.3119
/home/zaher/projects/samar/samar/tokenizer.py:65: UserWarning: [DescriptionVocab] 107 overlapping strings have different IDs in SamarVocab vs DescriptionVocab (e.g. [('TimeSignature_1/2', 748, 1140), ('TimeSignature_2/2', 775, 1167), ('TimeSignature_3/2', 794, 1186), ('TimeSignature_4/2', 808, 1200), ('TimeSignature_5/2', 821, 1213)]). Cross-tokenizer use will mis-encode. This is by-design per FIGARO two-stream split, but be careful: always use SamarTokenizer for events and DescriptionTokenizer for descriptions.
  self.vocab = vocab or DescriptionVocab()
/home/zaher/projects/samar/samar/tokenizer.py:65: UserWarning: [DescriptionVocab] 107 overlapping strings have different IDs in SamarVocab vs DescriptionVocab (e.g. [('TimeSignature_1/2', 748, 1140), ('TimeSignature_2/2', 775, 1167), ('TimeSignature_3/2', 794, 1186), ('TimeSignature_4/2', 808, 1200), ('TimeSignature_5/2', 821, 1213)]). Cross-tokenizer use will mis-encode. This is by-design per FIGARO two-stream split, but be careful: always use SamarTokenizer for events and DescriptionTokenizer for descriptions.
  self.vocab = vocab or DescriptionVocab()
/home/zaher/projects/samar/samar/tokenizer.py:65: UserWarning: [DescriptionVocab] 107 overlapping strings have different IDs in SamarVocab vs DescriptionVocab (e.g. [('TimeSignature_1/2', 748, 1140), ('TimeSignature_2/2', 775, 1167), ('TimeSignature_3/2', 794, 1186), ('TimeSignature_4/2', 808, 1200), ('TimeSignature_5/2', 821, 1213)]). Cross-tokenizer use will mis-encode. This is by-design per FIGARO two-stream split, but be careful: always use SamarTokenizer for events and DescriptionTokenizer for descriptions.
  self.vocab = vocab or DescriptionVocab()
/home/zaher/projects/samar/samar/tokenizer.py:65: UserWarning: [DescriptionVocab] 107 overlapping strings have different IDs in SamarVocab vs DescriptionVocab (e.g. [('TimeSignature_1/2', 748, 1140), ('TimeSignature_2/2', 775, 1167), ('TimeSignature_3/2', 794, 1186), ('TimeSignature_4/2', 808, 1200), ('TimeSignature_5/2', 821, 1213)]). Cross-tokenizer use will mis-encode. This is by-design per FIGARO two-stream split, but be careful: always use SamarTokenizer for events and DescriptionTokenizer for descriptions.
  self.vocab = vocab or DescriptionVocab()
Epoch 9/10  train_loss=1.3864  val_loss=1.3252
[trainer] New best val_loss=1.3252
[trainer] Saved weights -> checkpoints/samar_transformer_r25_v6.pt
[trainer] Saved config  -> checkpoints/samar_transformer_r25_v6_config.json
[trainer] Saved best   -> checkpoints/samar_transformer_r25_v6_best.pt
/home/zaher/projects/samar/samar/tokenizer.py:65: UserWarning: [DescriptionVocab] 107 overlapping strings have different IDs in SamarVocab vs DescriptionVocab (e.g. [('TimeSignature_1/2', 748, 1140), ('TimeSignature_2/2', 775, 1167), ('TimeSignature_3/2', 794, 1186), ('TimeSignature_4/2', 808, 1200), ('TimeSignature_5/2', 821, 1213)]). Cross-tokenizer use will mis-encode. This is by-design per FIGARO two-stream split, but be careful: always use SamarTokenizer for events and DescriptionTokenizer for descriptions.
  self.vocab = vocab or DescriptionVocab()
/home/zaher/projects/samar/samar/tokenizer.py:65: UserWarning: [DescriptionVocab] 107 overlapping strings have different IDs in SamarVocab vs DescriptionVocab (e.g. [('TimeSignature_1/2', 748, 1140), ('TimeSignature_2/2', 775, 1167), ('TimeSignature_3/2', 794, 1186), ('TimeSignature_4/2', 808, 1200), ('TimeSignature_5/2', 821, 1213)]). Cross-tokenizer use will mis-encode. This is by-design per FIGARO two-stream split, but be careful: always use SamarTokenizer for events and DescriptionTokenizer for descriptions.
  self.vocab = vocab or DescriptionVocab()
/home/zaher/projects/samar/samar/tokenizer.py:65: UserWarning: [DescriptionVocab] 107 overlapping strings have different IDs in SamarVocab vs DescriptionVocab (e.g. [('TimeSignature_1/2', 748, 1140), ('TimeSignature_2/2', 775, 1167), ('TimeSignature_3/2', 794, 1186), ('TimeSignature_4/2', 808, 1200), ('TimeSignature_5/2', 821, 1213)]). Cross-tokenizer use will mis-encode. This is by-design per FIGARO two-stream split, but be careful: always use SamarTokenizer for events and DescriptionTokenizer for descriptions.
  self.vocab = vocab or DescriptionVocab()
/home/zaher/projects/samar/samar/tokenizer.py:65: UserWarning: [DescriptionVocab] 107 overlapping strings have different IDs in SamarVocab vs DescriptionVocab (e.g. [('TimeSignature_1/2', 748, 1140), ('TimeSignature_2/2', 775, 1167), ('TimeSignature_3/2', 794, 1186), ('TimeSignature_4/2', 808, 1200), ('TimeSignature_5/2', 821, 1213)]). Cross-tokenizer use will mis-encode. This is by-design per FIGARO two-stream split, but be careful: always use SamarTokenizer for events and DescriptionTokenizer for descriptions.
  self.vocab = vocab or DescriptionVocab()
  [epoch 10 batch 10] loss=1.3320
  [epoch 10 batch 20] loss=1.3912
  [epoch 10 batch 30] loss=1.3700
  [epoch 10 batch 40] loss=1.4169
  [epoch 10 batch 50] loss=1.3665
  [epoch 10 batch 60] loss=1.3718
  [epoch 10 batch 70] loss=1.3918
  [epoch 10 batch 80] loss=1.3141
  [epoch 10 batch 90] loss=1.3268
  [epoch 10 batch 100] loss=1.3645
  [epoch 10 batch 110] loss=1.3581
  [epoch 10 batch 120] loss=1.3771
  [epoch 10 batch 130] loss=1.4037
  [epoch 10 batch 140] loss=1.3236
  [epoch 10 batch 150] loss=1.3933
  [epoch 10 batch 160] loss=1.3760
  [epoch 10 batch 170] loss=1.4232
  [epoch 10 batch 180] loss=1.4760
  [epoch 10 batch 190] loss=1.3736
  [epoch 10 batch 200] loss=1.4010
  [epoch 10 batch 210] loss=1.4054
  [epoch 10 batch 220] loss=1.3831
  [epoch 10 batch 230] loss=1.3032
  [epoch 10 batch 240] loss=1.3914
  [epoch 10 batch 250] loss=1.2903
  [epoch 10 batch 260] loss=1.2912
  [epoch 10 batch 270] loss=1.3699
  [epoch 10 batch 280] loss=1.3419
  [epoch 10 batch 290] loss=1.3109
  [epoch 10 batch 300] loss=1.4278
  [epoch 10 batch 310] loss=1.3686
  [epoch 10 batch 320] loss=1.3329
  [epoch 10 batch 330] loss=1.3727
  [epoch 10 batch 340] loss=1.2981
  [epoch 10 batch 350] loss=1.3372
  [epoch 10 batch 360] loss=1.3887
  [epoch 10 batch 370] loss=1.4240
  [epoch 10 batch 380] loss=1.4035
  [epoch 10 batch 390] loss=1.3499
  [epoch 10 batch 400] loss=1.3106
  [epoch 10 batch 410] loss=1.3520
  [epoch 10 batch 420] loss=1.4415
  [epoch 10 batch 430] loss=1.3386
  [epoch 10 batch 440] loss=1.3691
  [epoch 10 batch 450] loss=1.3599
  [epoch 10 batch 460] loss=1.4269
  [epoch 10 batch 470] loss=1.3314
  [epoch 10 batch 480] loss=1.3626
  [epoch 10 batch 490] loss=1.3923
  [epoch 10 batch 500] loss=1.3267
  [epoch 10 batch 510] loss=1.4351
  [epoch 10 batch 520] loss=1.3329
  [epoch 10 batch 530] loss=1.4447
  [epoch 10 batch 540] loss=1.3290
  [epoch 10 batch 550] loss=1.3562
  [epoch 10 batch 560] loss=1.3494
  [epoch 10 batch 570] loss=1.4429
  [epoch 10 batch 580] loss=1.4505
  [epoch 10 batch 590] loss=1.3568
  [epoch 10 batch 600] loss=1.4272
  [epoch 10 batch 610] loss=1.3442
  [epoch 10 batch 620] loss=1.3125
  [epoch 10 batch 630] loss=1.3990
  [epoch 10 batch 640] loss=1.4408
  [epoch 10 batch 650] loss=1.3411
  [epoch 10 batch 660] loss=1.3790
  [epoch 10 batch 670] loss=1.3637
  [epoch 10 batch 680] loss=1.3900
  [epoch 10 batch 690] loss=1.4174
  [epoch 10 batch 700] loss=1.4427
  [epoch 10 batch 710] loss=1.4119
  [epoch 10 batch 720] loss=1.3729
  [epoch 10 batch 730] loss=1.3154
  [epoch 10 batch 740] loss=1.2939
  [epoch 10 batch 750] loss=1.4294
/home/zaher/projects/samar/samar/tokenizer.py:65: UserWarning: [DescriptionVocab] 107 overlapping strings have different IDs in SamarVocab vs DescriptionVocab (e.g. [('TimeSignature_1/2', 748, 1140), ('TimeSignature_2/2', 775, 1167), ('TimeSignature_3/2', 794, 1186), ('TimeSignature_4/2', 808, 1200), ('TimeSignature_5/2', 821, 1213)]). Cross-tokenizer use will mis-encode. This is by-design per FIGARO two-stream split, but be careful: always use SamarTokenizer for events and DescriptionTokenizer for descriptions.
  self.vocab = vocab or DescriptionVocab()
/home/zaher/projects/samar/samar/tokenizer.py:65: UserWarning: [DescriptionVocab] 107 overlapping strings have different IDs in SamarVocab vs DescriptionVocab (e.g. [('TimeSignature_1/2', 748, 1140), ('TimeSignature_2/2', 775, 1167), ('TimeSignature_3/2', 794, 1186), ('TimeSignature_4/2', 808, 1200), ('TimeSignature_5/2', 821, 1213)]). Cross-tokenizer use will mis-encode. This is by-design per FIGARO two-stream split, but be careful: always use SamarTokenizer for events and DescriptionTokenizer for descriptions.
  self.vocab = vocab or DescriptionVocab()
/home/zaher/projects/samar/samar/tokenizer.py:65: UserWarning: [DescriptionVocab] 107 overlapping strings have different IDs in SamarVocab vs DescriptionVocab (e.g. [('TimeSignature_1/2', 748, 1140), ('TimeSignature_2/2', 775, 1167), ('TimeSignature_3/2', 794, 1186), ('TimeSignature_4/2', 808, 1200), ('TimeSignature_5/2', 821, 1213)]). Cross-tokenizer use will mis-encode. This is by-design per FIGARO two-stream split, but be careful: always use SamarTokenizer for events and DescriptionTokenizer for descriptions.
  self.vocab = vocab or DescriptionVocab()
/home/zaher/projects/samar/samar/tokenizer.py:65: UserWarning: [DescriptionVocab] 107 overlapping strings have different IDs in SamarVocab vs DescriptionVocab (e.g. [('TimeSignature_1/2', 748, 1140), ('TimeSignature_2/2', 775, 1167), ('TimeSignature_3/2', 794, 1186), ('TimeSignature_4/2', 808, 1200), ('TimeSignature_5/2', 821, 1213)]). Cross-tokenizer use will mis-encode. This is by-design per FIGARO two-stream split, but be careful: always use SamarTokenizer for events and DescriptionTokenizer for descriptions.
  self.vocab = vocab or DescriptionVocab()
Epoch 10/10  train_loss=1.3706  val_loss=1.3095
[trainer] New best val_loss=1.3095
[trainer] Saved weights -> checkpoints/samar_transformer_r25_v6.pt
[trainer] Saved config  -> checkpoints/samar_transformer_r25_v6_config.json
[trainer] Saved best   -> checkpoints/samar_transformer_r25_v6_best.pt
