/home/zaher/projects/samar/samar/models/samar_transformer.py:43: UserWarning: [DescriptionVocab] 107 overlapping strings have different IDs in SamarVocab vs DescriptionVocab (e.g. [('TimeSignature_1/2', 748, 1132), ('TimeSignature_2/2', 775, 1159), ('TimeSignature_3/2', 794, 1178), ('TimeSignature_4/2', 808, 1192), ('TimeSignature_5/2', 821, 1205)]). Cross-tokenizer use will mis-encode. This is by-design per FIGARO two-stream split, but be careful: always use SamarTokenizer for events and DescriptionTokenizer for descriptions.
  desc_vocab_size = len(DescriptionVocab())
/home/zaher/projects/samar/.venv/lib/python3.12/site-packages/torch/nn/modules/transformer.py:143: UserWarning: enable_nested_tensor is True, but self.use_nested_tensor is False because encoder_layer.self_attn.batch_first was not True(use batch_first for better inference performance)
  self.encoder = TransformerEncoder(
[model] Total parameters: 5,338,598
[trainer] Resuming from checkpoint: checkpoints/samar_transformer_midi_v2.pt
[SamarLatentDataset] Filtered 4 samples shorter than 16 tokens (13252 -> 13248 samples)
[trainer] Split 13248 samples into 11924 train / 1324 val
[trainer] Resuming from epoch 15, best_val=1.3455
[trainer] Restored optimizer state from resume
[trainer] Restored scheduler state from resume (last_epoch=11190)
/home/zaher/projects/samar/samar/tokenizer.py:65: UserWarning: [DescriptionVocab] 107 overlapping strings have different IDs in SamarVocab vs DescriptionVocab (e.g. [('TimeSignature_1/2', 748, 1132), ('TimeSignature_2/2', 775, 1159), ('TimeSignature_3/2', 794, 1178), ('TimeSignature_4/2', 808, 1192), ('TimeSignature_5/2', 821, 1205)]). Cross-tokenizer use will mis-encode. This is by-design per FIGARO two-stream split, but be careful: always use SamarTokenizer for events and DescriptionTokenizer for descriptions.
  self.vocab = vocab or DescriptionVocab()
  [epoch 16 batch 10] loss=1.4288
  [epoch 16 batch 20] loss=1.3791
  [epoch 16 batch 30] loss=1.4053
  [epoch 16 batch 40] loss=1.4186
  [epoch 16 batch 50] loss=1.3867
  [epoch 16 batch 60] loss=1.3729
  [epoch 16 batch 70] loss=1.2872
  [epoch 16 batch 80] loss=1.3358
  [epoch 16 batch 90] loss=1.3970
  [epoch 16 batch 100] loss=1.2762
  [epoch 16 batch 110] loss=1.2427
  [epoch 16 batch 120] loss=1.4579
  [epoch 16 batch 130] loss=1.4471
  [epoch 16 batch 140] loss=1.3978
  [epoch 16 batch 150] loss=1.3509
  [epoch 16 batch 160] loss=1.3579
  [epoch 16 batch 170] loss=1.3556
  [epoch 16 batch 180] loss=1.3855
  [epoch 16 batch 190] loss=1.3173
  [epoch 16 batch 200] loss=1.4365
  [epoch 16 batch 210] loss=1.3998
  [epoch 16 batch 220] loss=1.3815
  [epoch 16 batch 230] loss=1.3388
  [epoch 16 batch 240] loss=1.4676
  [epoch 16 batch 250] loss=1.4011
  [epoch 16 batch 260] loss=1.3641
  [epoch 16 batch 270] loss=1.3780
  [epoch 16 batch 280] loss=1.5264
  [epoch 16 batch 290] loss=1.3257
  [epoch 16 batch 300] loss=1.3246
  [epoch 16 batch 310] loss=1.4728
  [epoch 16 batch 320] loss=1.3939
  [epoch 16 batch 330] loss=1.3230
  [epoch 16 batch 340] loss=1.2911
  [epoch 16 batch 350] loss=1.4927
  [epoch 16 batch 360] loss=1.4468
  [epoch 16 batch 370] loss=1.4855
  [epoch 16 batch 380] loss=1.4176
  [epoch 16 batch 390] loss=1.3751
  [epoch 16 batch 400] loss=1.3485
  [epoch 16 batch 410] loss=1.3662
  [epoch 16 batch 420] loss=1.4344
  [epoch 16 batch 430] loss=1.4486
  [epoch 16 batch 440] loss=1.3825
  [epoch 16 batch 450] loss=1.4841
  [epoch 16 batch 460] loss=1.3325
  [epoch 16 batch 470] loss=1.4010
  [epoch 16 batch 480] loss=1.4480
  [epoch 16 batch 490] loss=1.3049
  [epoch 16 batch 500] loss=1.3300
  [epoch 16 batch 510] loss=1.4692
  [epoch 16 batch 520] loss=1.2981
  [epoch 16 batch 530] loss=1.3451
  [epoch 16 batch 540] loss=1.3755
  [epoch 16 batch 550] loss=1.3595
  [epoch 16 batch 560] loss=1.4985
  [epoch 16 batch 570] loss=1.3670
  [epoch 16 batch 580] loss=1.4589
  [epoch 16 batch 590] loss=1.3932
  [epoch 16 batch 600] loss=1.4301
  [epoch 16 batch 610] loss=1.2767
  [epoch 16 batch 620] loss=1.2395
  [epoch 16 batch 630] loss=1.3343
  [epoch 16 batch 640] loss=1.3162
  [epoch 16 batch 650] loss=1.4460
  [epoch 16 batch 660] loss=1.3692
  [epoch 16 batch 670] loss=1.2476
  [epoch 16 batch 680] loss=1.3684
  [epoch 16 batch 690] loss=1.4464
  [epoch 16 batch 700] loss=1.4305
  [epoch 16 batch 710] loss=1.2675
  [epoch 16 batch 720] loss=1.4697
  [epoch 16 batch 730] loss=1.3480
  [epoch 16 batch 740] loss=1.3783
Epoch 16/25  train_loss=1.3889  val_loss=1.3345
[trainer] New best val_loss=1.3345
[trainer] Saved weights -> checkpoints/samar_transformer_midi_v2.pt
[trainer] Saved config  -> checkpoints/samar_transformer_midi_v2_config.json
[trainer] Saved best   -> checkpoints/samar_transformer_midi_v2_best.pt
  [epoch 17 batch 10] loss=1.4480
  [epoch 17 batch 20] loss=1.3188
  [epoch 17 batch 30] loss=1.3893
  [epoch 17 batch 40] loss=1.4627
  [epoch 17 batch 50] loss=1.3555
  [epoch 17 batch 60] loss=1.3665
  [epoch 17 batch 70] loss=1.3391
  [epoch 17 batch 80] loss=1.5526
  [epoch 17 batch 90] loss=1.2898
  [epoch 17 batch 100] loss=1.4170
  [epoch 17 batch 110] loss=1.3622
  [epoch 17 batch 120] loss=1.2346
  [epoch 17 batch 130] loss=1.3841
  [epoch 17 batch 140] loss=1.4098
  [epoch 17 batch 150] loss=1.4102
  [epoch 17 batch 160] loss=1.3852
  [epoch 17 batch 170] loss=1.2519
  [epoch 17 batch 180] loss=1.2342
  [epoch 17 batch 190] loss=1.2522
  [epoch 17 batch 200] loss=1.4425
  [epoch 17 batch 210] loss=1.3947
  [epoch 17 batch 220] loss=1.4160
  [epoch 17 batch 230] loss=1.3159
  [epoch 17 batch 240] loss=1.4499
  [epoch 17 batch 250] loss=1.3280
  [epoch 17 batch 260] loss=1.3272
  [epoch 17 batch 270] loss=1.4270
  [epoch 17 batch 280] loss=1.3814
  [epoch 17 batch 290] loss=1.3972
  [epoch 17 batch 300] loss=1.4221
  [epoch 17 batch 310] loss=1.4541
  [epoch 17 batch 320] loss=1.4280
  [epoch 17 batch 330] loss=1.4087
  [epoch 17 batch 340] loss=1.2907
  [epoch 17 batch 350] loss=1.3848
  [epoch 17 batch 360] loss=1.3654
  [epoch 17 batch 370] loss=1.3635
  [epoch 17 batch 380] loss=1.3707
  [epoch 17 batch 390] loss=1.2347
  [epoch 17 batch 400] loss=1.3359
  [epoch 17 batch 410] loss=1.3741
  [epoch 17 batch 420] loss=1.3782
  [epoch 17 batch 430] loss=1.3684
  [epoch 17 batch 440] loss=1.2835
  [epoch 17 batch 450] loss=1.3513
  [epoch 17 batch 460] loss=1.4136
  [epoch 17 batch 470] loss=1.3649
  [epoch 17 batch 480] loss=1.3907
  [epoch 17 batch 490] loss=1.3986
  [epoch 17 batch 500] loss=1.4061
  [epoch 17 batch 510] loss=1.2910
  [epoch 17 batch 520] loss=1.4996
  [epoch 17 batch 530] loss=1.3022
  [epoch 17 batch 540] loss=1.2890
  [epoch 17 batch 550] loss=1.3438
  [epoch 17 batch 560] loss=1.3864
  [epoch 17 batch 570] loss=1.3070
  [epoch 17 batch 580] loss=1.3319
  [epoch 17 batch 590] loss=1.4489
  [epoch 17 batch 600] loss=1.2518
  [epoch 17 batch 610] loss=1.3346
  [epoch 17 batch 620] loss=1.3179
  [epoch 17 batch 630] loss=1.3959
  [epoch 17 batch 640] loss=1.4312
  [epoch 17 batch 650] loss=1.2876
  [epoch 17 batch 660] loss=1.3101
  [epoch 17 batch 670] loss=1.3842
  [epoch 17 batch 680] loss=1.4217
  [epoch 17 batch 690] loss=1.4030
  [epoch 17 batch 700] loss=1.3060
  [epoch 17 batch 710] loss=1.3517
  [epoch 17 batch 720] loss=1.3577
  [epoch 17 batch 730] loss=1.3535
  [epoch 17 batch 740] loss=1.4028
Epoch 17/25  train_loss=1.3774  val_loss=1.3224
[trainer] New best val_loss=1.3224
[trainer] Saved weights -> checkpoints/samar_transformer_midi_v2.pt
[trainer] Saved config  -> checkpoints/samar_transformer_midi_v2_config.json
[trainer] Saved best   -> checkpoints/samar_transformer_midi_v2_best.pt
  [epoch 18 batch 10] loss=1.2833
  [epoch 18 batch 20] loss=1.4408
  [epoch 18 batch 30] loss=1.3486
  [epoch 18 batch 40] loss=1.2865
  [epoch 18 batch 50] loss=1.4090
  [epoch 18 batch 60] loss=1.3839
  [epoch 18 batch 70] loss=1.2043
  [epoch 18 batch 80] loss=1.4032
  [epoch 18 batch 90] loss=1.3255
  [epoch 18 batch 100] loss=1.2686
  [epoch 18 batch 110] loss=1.3367
  [epoch 18 batch 120] loss=1.3904
  [epoch 18 batch 130] loss=1.3464
  [epoch 18 batch 140] loss=1.4138
  [epoch 18 batch 150] loss=1.3793
  [epoch 18 batch 160] loss=1.3972
  [epoch 18 batch 170] loss=1.4088
  [epoch 18 batch 180] loss=1.3152
  [epoch 18 batch 190] loss=1.4748
  [epoch 18 batch 200] loss=1.3246
  [epoch 18 batch 210] loss=1.3216
  [epoch 18 batch 220] loss=1.4186
  [epoch 18 batch 230] loss=1.3857
  [epoch 18 batch 240] loss=1.3664
  [epoch 18 batch 250] loss=1.2522
  [epoch 18 batch 260] loss=1.3004
  [epoch 18 batch 270] loss=1.3164
  [epoch 18 batch 280] loss=1.2770
  [epoch 18 batch 290] loss=1.3905
  [epoch 18 batch 300] loss=1.3239
  [epoch 18 batch 310] loss=1.4085
  [epoch 18 batch 320] loss=1.4833
  [epoch 18 batch 330] loss=1.3935
  [epoch 18 batch 340] loss=1.4271
  [epoch 18 batch 350] loss=1.3008
  [epoch 18 batch 360] loss=1.3620
  [epoch 18 batch 370] loss=1.4191
  [epoch 18 batch 380] loss=1.4540
  [epoch 18 batch 390] loss=1.5669
  [epoch 18 batch 400] loss=1.3726
  [epoch 18 batch 410] loss=1.4402
  [epoch 18 batch 420] loss=1.3583
  [epoch 18 batch 430] loss=1.4156
  [epoch 18 batch 440] loss=1.2411
  [epoch 18 batch 450] loss=1.3186
  [epoch 18 batch 460] loss=1.3437
  [epoch 18 batch 470] loss=1.4673
  [epoch 18 batch 480] loss=1.3069
  [epoch 18 batch 490] loss=1.4333
  [epoch 18 batch 500] loss=1.3860
  [epoch 18 batch 510] loss=1.3113
  [epoch 18 batch 520] loss=1.4510
  [epoch 18 batch 530] loss=1.3520
  [epoch 18 batch 540] loss=1.2580
  [epoch 18 batch 550] loss=1.3918
  [epoch 18 batch 560] loss=1.3744
  [epoch 18 batch 570] loss=1.3215
  [epoch 18 batch 580] loss=1.2802
  [epoch 18 batch 590] loss=1.4159
  [epoch 18 batch 600] loss=1.2529
  [epoch 18 batch 610] loss=1.2487
  [epoch 18 batch 620] loss=1.3522
  [epoch 18 batch 630] loss=1.3704
  [epoch 18 batch 640] loss=1.3720
  [epoch 18 batch 650] loss=1.5549
  [epoch 18 batch 660] loss=1.4130
  [epoch 18 batch 670] loss=1.3759
  [epoch 18 batch 680] loss=1.4144
  [epoch 18 batch 690] loss=1.2969
  [epoch 18 batch 700] loss=1.3699
  [epoch 18 batch 710] loss=1.2816
  [epoch 18 batch 720] loss=1.4449
  [epoch 18 batch 730] loss=1.3705
  [epoch 18 batch 740] loss=1.3935
Epoch 18/25  train_loss=1.3668  val_loss=1.3102
[trainer] New best val_loss=1.3102
[trainer] Saved weights -> checkpoints/samar_transformer_midi_v2.pt
[trainer] Saved config  -> checkpoints/samar_transformer_midi_v2_config.json
[trainer] Saved best   -> checkpoints/samar_transformer_midi_v2_best.pt
  [epoch 19 batch 10] loss=1.3658
  [epoch 19 batch 20] loss=1.3727
  [epoch 19 batch 30] loss=1.3628
  [epoch 19 batch 40] loss=1.4139
  [epoch 19 batch 50] loss=1.3470
  [epoch 19 batch 60] loss=1.3404
  [epoch 19 batch 70] loss=1.3223
  [epoch 19 batch 80] loss=1.3819
  [epoch 19 batch 90] loss=1.3045
  [epoch 19 batch 100] loss=1.3704
  [epoch 19 batch 110] loss=1.4216
  [epoch 19 batch 120] loss=1.3624
  [epoch 19 batch 130] loss=1.4378
  [epoch 19 batch 140] loss=1.3537
  [epoch 19 batch 150] loss=1.3484
  [epoch 19 batch 160] loss=1.3094
  [epoch 19 batch 170] loss=1.3222
  [epoch 19 batch 180] loss=1.3670
  [epoch 19 batch 190] loss=1.4409
  [epoch 19 batch 200] loss=1.2665
  [epoch 19 batch 210] loss=1.3940
  [epoch 19 batch 220] loss=1.3376
  [epoch 19 batch 230] loss=1.3530
  [epoch 19 batch 240] loss=1.2329
  [epoch 19 batch 250] loss=1.3369
  [epoch 19 batch 260] loss=1.4184
  [epoch 19 batch 270] loss=1.3089
  [epoch 19 batch 280] loss=1.3737
  [epoch 19 batch 290] loss=1.5479
  [epoch 19 batch 300] loss=1.4354
  [epoch 19 batch 310] loss=1.4041
  [epoch 19 batch 320] loss=1.2955
  [epoch 19 batch 330] loss=1.3531
  [epoch 19 batch 340] loss=1.4015
  [epoch 19 batch 350] loss=1.2926
  [epoch 19 batch 360] loss=1.4139
  [epoch 19 batch 370] loss=1.2337
  [epoch 19 batch 380] loss=1.3530
  [epoch 19 batch 390] loss=1.4050
  [epoch 19 batch 400] loss=1.3758
  [epoch 19 batch 410] loss=1.1941
  [epoch 19 batch 420] loss=1.4792
  [epoch 19 batch 430] loss=1.3087
  [epoch 19 batch 440] loss=1.3820
  [epoch 19 batch 450] loss=1.4319
  [epoch 19 batch 460] loss=1.3401
  [epoch 19 batch 470] loss=1.3406
  [epoch 19 batch 480] loss=1.3062
  [epoch 19 batch 490] loss=1.4351
  [epoch 19 batch 500] loss=1.3309
  [epoch 19 batch 510] loss=1.3874
  [epoch 19 batch 520] loss=1.3911
  [epoch 19 batch 530] loss=1.4172
  [epoch 19 batch 540] loss=1.3109
  [epoch 19 batch 550] loss=1.3344
  [epoch 19 batch 560] loss=1.3581
  [epoch 19 batch 570] loss=1.3392
  [epoch 19 batch 580] loss=1.4283
  [epoch 19 batch 590] loss=1.2912
  [epoch 19 batch 600] loss=1.4120
  [epoch 19 batch 610] loss=1.2858
  [epoch 19 batch 620] loss=1.3512
  [epoch 19 batch 630] loss=1.2789
  [epoch 19 batch 640] loss=1.3586
  [epoch 19 batch 650] loss=1.2304
  [epoch 19 batch 660] loss=1.3518
  [epoch 19 batch 670] loss=1.2792
  [epoch 19 batch 680] loss=1.3674
  [epoch 19 batch 690] loss=1.4156
  [epoch 19 batch 700] loss=1.3014
  [epoch 19 batch 710] loss=1.3465
  [epoch 19 batch 720] loss=1.3887
  [epoch 19 batch 730] loss=1.3272
  [epoch 19 batch 740] loss=1.4151
Epoch 19/25  train_loss=1.3568  val_loss=1.3030
[trainer] New best val_loss=1.3030
[trainer] Saved weights -> checkpoints/samar_transformer_midi_v2.pt
[trainer] Saved config  -> checkpoints/samar_transformer_midi_v2_config.json
[trainer] Saved best   -> checkpoints/samar_transformer_midi_v2_best.pt
  [epoch 20 batch 10] loss=1.3951
  [epoch 20 batch 20] loss=1.3116
  [epoch 20 batch 30] loss=1.3030
  [epoch 20 batch 40] loss=1.3036
  [epoch 20 batch 50] loss=1.4886
  [epoch 20 batch 60] loss=1.3496
  [epoch 20 batch 70] loss=1.2483
  [epoch 20 batch 80] loss=1.3021
  [epoch 20 batch 90] loss=1.3375
  [epoch 20 batch 100] loss=1.3367
  [epoch 20 batch 110] loss=1.3766
  [epoch 20 batch 120] loss=1.3365
  [epoch 20 batch 130] loss=1.2756
  [epoch 20 batch 140] loss=1.3928
  [epoch 20 batch 150] loss=1.3019
  [epoch 20 batch 160] loss=1.3191
  [epoch 20 batch 170] loss=1.3524
  [epoch 20 batch 180] loss=1.4217
  [epoch 20 batch 190] loss=1.3558
  [epoch 20 batch 200] loss=1.3382
  [epoch 20 batch 210] loss=1.3811
  [epoch 20 batch 220] loss=1.3146
  [epoch 20 batch 230] loss=1.2800
  [epoch 20 batch 240] loss=1.2818
  [epoch 20 batch 250] loss=1.3004
  [epoch 20 batch 260] loss=1.4331
  [epoch 20 batch 270] loss=1.3894
  [epoch 20 batch 280] loss=1.2933
  [epoch 20 batch 290] loss=1.2951
  [epoch 20 batch 300] loss=1.1854
  [epoch 20 batch 310] loss=1.4114
  [epoch 20 batch 320] loss=1.3590
  [epoch 20 batch 330] loss=1.3829
  [epoch 20 batch 340] loss=1.3190
  [epoch 20 batch 350] loss=1.2941
  [epoch 20 batch 360] loss=1.3251
  [epoch 20 batch 370] loss=1.4406
  [epoch 20 batch 380] loss=1.2869
  [epoch 20 batch 390] loss=1.2681
  [epoch 20 batch 400] loss=1.3542
  [epoch 20 batch 410] loss=1.3793
  [epoch 20 batch 420] loss=1.3277
  [epoch 20 batch 430] loss=1.4112
  [epoch 20 batch 440] loss=1.4057
  [epoch 20 batch 450] loss=1.3431
  [epoch 20 batch 460] loss=1.4005
  [epoch 20 batch 470] loss=1.4373
  [epoch 20 batch 480] loss=1.2266
  [epoch 20 batch 490] loss=1.3323
  [epoch 20 batch 500] loss=1.3083
  [epoch 20 batch 510] loss=1.3197
  [epoch 20 batch 520] loss=1.2350
  [epoch 20 batch 530] loss=1.1937
  [epoch 20 batch 540] loss=1.4500
  [epoch 20 batch 550] loss=1.2861
  [epoch 20 batch 560] loss=1.2910
  [epoch 20 batch 570] loss=1.3038
  [epoch 20 batch 580] loss=1.3997
  [epoch 20 batch 590] loss=1.2368
  [epoch 20 batch 600] loss=1.4099
  [epoch 20 batch 610] loss=1.4011
  [epoch 20 batch 620] loss=1.4644
  [epoch 20 batch 630] loss=1.4973
  [epoch 20 batch 640] loss=1.3347
  [epoch 20 batch 650] loss=1.2818
  [epoch 20 batch 660] loss=1.4085
  [epoch 20 batch 670] loss=1.3903
  [epoch 20 batch 680] loss=1.2225
  [epoch 20 batch 690] loss=1.4604
  [epoch 20 batch 700] loss=1.4204
  [epoch 20 batch 710] loss=1.3366
  [epoch 20 batch 720] loss=1.3105
  [epoch 20 batch 730] loss=1.2124
  [epoch 20 batch 740] loss=1.2555
Epoch 20/25  train_loss=1.3481  val_loss=1.2952
[trainer] New best val_loss=1.2952
[trainer] Saved weights -> checkpoints/samar_transformer_midi_v2.pt
[trainer] Saved config  -> checkpoints/samar_transformer_midi_v2_config.json
[trainer] Saved best   -> checkpoints/samar_transformer_midi_v2_best.pt
  [epoch 21 batch 10] loss=1.4209
  [epoch 21 batch 20] loss=1.2463
  [epoch 21 batch 30] loss=1.4205
  [epoch 21 batch 40] loss=1.3982
  [epoch 21 batch 50] loss=1.3525
  [epoch 21 batch 60] loss=1.3778
  [epoch 21 batch 70] loss=1.2361
  [epoch 21 batch 80] loss=1.2987
  [epoch 21 batch 90] loss=1.3437
  [epoch 21 batch 100] loss=1.4334
  [epoch 21 batch 110] loss=1.3364
  [epoch 21 batch 120] loss=1.3120
  [epoch 21 batch 130] loss=1.3605
  [epoch 21 batch 140] loss=1.2638
  [epoch 21 batch 150] loss=1.3397
  [epoch 21 batch 160] loss=1.3855
  [epoch 21 batch 170] loss=1.3853
  [epoch 21 batch 180] loss=1.3480
  [epoch 21 batch 190] loss=1.3629
  [epoch 21 batch 200] loss=1.4233
  [epoch 21 batch 210] loss=1.2951
  [epoch 21 batch 220] loss=1.3249
  [epoch 21 batch 230] loss=1.2983
  [epoch 21 batch 240] loss=1.3010
  [epoch 21 batch 250] loss=1.4441
  [epoch 21 batch 260] loss=1.2362
  [epoch 21 batch 270] loss=1.2595
  [epoch 21 batch 280] loss=1.3103
  [epoch 21 batch 290] loss=1.2581
  [epoch 21 batch 300] loss=1.2976
  [epoch 21 batch 310] loss=1.3399
  [epoch 21 batch 320] loss=1.4799
  [epoch 21 batch 330] loss=1.3800
  [epoch 21 batch 340] loss=1.3044
  [epoch 21 batch 350] loss=1.2947
  [epoch 21 batch 360] loss=1.3135
  [epoch 21 batch 370] loss=1.3041
  [epoch 21 batch 380] loss=1.3361
  [epoch 21 batch 390] loss=1.3365
  [epoch 21 batch 400] loss=1.2777
  [epoch 21 batch 410] loss=1.2848
  [epoch 21 batch 420] loss=1.2928
  [epoch 21 batch 430] loss=1.3007
  [epoch 21 batch 440] loss=1.2463
  [epoch 21 batch 450] loss=1.3298
  [epoch 21 batch 460] loss=1.4151
  [epoch 21 batch 470] loss=1.3354
  [epoch 21 batch 480] loss=1.2553
  [epoch 21 batch 490] loss=1.4077
  [epoch 21 batch 500] loss=1.3407
  [epoch 21 batch 510] loss=1.2855
  [epoch 21 batch 520] loss=1.2668
  [epoch 21 batch 530] loss=1.3583
  [epoch 21 batch 540] loss=1.3147
  [epoch 21 batch 550] loss=1.3882
  [epoch 21 batch 560] loss=1.3307
  [epoch 21 batch 570] loss=1.3738
  [epoch 21 batch 580] loss=1.3716
  [epoch 21 batch 590] loss=1.2625
  [epoch 21 batch 600] loss=1.3725
  [epoch 21 batch 610] loss=1.4363
  [epoch 21 batch 620] loss=1.2728
  [epoch 21 batch 630] loss=1.4045
  [epoch 21 batch 640] loss=1.2787
  [epoch 21 batch 650] loss=1.2692
  [epoch 21 batch 660] loss=1.2312
  [epoch 21 batch 670] loss=1.3180
  [epoch 21 batch 680] loss=1.4230
  [epoch 21 batch 690] loss=1.3878
  [epoch 21 batch 700] loss=1.3111
  [epoch 21 batch 710] loss=1.2573
  [epoch 21 batch 720] loss=1.3023
  [epoch 21 batch 730] loss=1.4734
  [epoch 21 batch 740] loss=1.4040
Epoch 21/25  train_loss=1.3397  val_loss=1.2866
[trainer] New best val_loss=1.2866
[trainer] Saved weights -> checkpoints/samar_transformer_midi_v2.pt
[trainer] Saved config  -> checkpoints/samar_transformer_midi_v2_config.json
[trainer] Saved best   -> checkpoints/samar_transformer_midi_v2_best.pt
  [epoch 22 batch 10] loss=1.4306
  [epoch 22 batch 20] loss=1.3082
  [epoch 22 batch 30] loss=1.2459
  [epoch 22 batch 40] loss=1.2779
  [epoch 22 batch 50] loss=1.2148
  [epoch 22 batch 60] loss=1.3489
  [epoch 22 batch 70] loss=1.3580
  [epoch 22 batch 80] loss=1.2755
  [epoch 22 batch 90] loss=1.2616
  [epoch 22 batch 100] loss=1.2899
  [epoch 22 batch 110] loss=1.3459
  [epoch 22 batch 120] loss=1.3152
  [epoch 22 batch 130] loss=1.3392
  [epoch 22 batch 140] loss=1.4602
  [epoch 22 batch 150] loss=1.4105
  [epoch 22 batch 160] loss=1.3080
  [epoch 22 batch 170] loss=1.3314
  [epoch 22 batch 180] loss=1.2459
  [epoch 22 batch 190] loss=1.3054
  [epoch 22 batch 200] loss=1.2707
  [epoch 22 batch 210] loss=1.3900
  [epoch 22 batch 220] loss=1.4241
  [epoch 22 batch 230] loss=1.3285
  [epoch 22 batch 240] loss=1.3225
  [epoch 22 batch 250] loss=1.2732
  [epoch 22 batch 260] loss=1.4271
  [epoch 22 batch 270] loss=1.3792
  [epoch 22 batch 280] loss=1.3875
  [epoch 22 batch 290] loss=1.4770
  [epoch 22 batch 300] loss=1.1947
  [epoch 22 batch 310] loss=1.3428
  [epoch 22 batch 320] loss=1.3893
  [epoch 22 batch 330] loss=1.3067
  [epoch 22 batch 340] loss=1.3066
  [epoch 22 batch 350] loss=1.2495
  [epoch 22 batch 360] loss=1.3017
  [epoch 22 batch 370] loss=1.4258
  [epoch 22 batch 380] loss=1.4105
  [epoch 22 batch 390] loss=1.2471
  [epoch 22 batch 400] loss=1.3625
  [epoch 22 batch 410] loss=1.3741
  [epoch 22 batch 420] loss=1.2330
  [epoch 22 batch 430] loss=1.2962
  [epoch 22 batch 440] loss=1.4218
  [epoch 22 batch 450] loss=1.3351
  [epoch 22 batch 460] loss=1.3048
  [epoch 22 batch 470] loss=1.4818
  [epoch 22 batch 480] loss=1.4481
  [epoch 22 batch 490] loss=1.3142
  [epoch 22 batch 500] loss=1.3334
  [epoch 22 batch 510] loss=1.3325
  [epoch 22 batch 520] loss=1.4377
  [epoch 22 batch 530] loss=1.3118
  [epoch 22 batch 540] loss=1.3599
  [epoch 22 batch 550] loss=1.3784
  [epoch 22 batch 560] loss=1.3087
  [epoch 22 batch 570] loss=1.2205
  [epoch 22 batch 580] loss=1.2981
  [epoch 22 batch 590] loss=1.3667
  [epoch 22 batch 600] loss=1.3991
  [epoch 22 batch 610] loss=1.3347
  [epoch 22 batch 620] loss=1.4272
  [epoch 22 batch 630] loss=1.3151
  [epoch 22 batch 640] loss=1.2937
  [epoch 22 batch 650] loss=1.3537
  [epoch 22 batch 660] loss=1.2051
  [epoch 22 batch 670] loss=1.4990
  [epoch 22 batch 680] loss=1.2963
  [epoch 22 batch 690] loss=1.3198
  [epoch 22 batch 700] loss=1.3251
  [epoch 22 batch 710] loss=1.2307
  [epoch 22 batch 720] loss=1.3427
  [epoch 22 batch 730] loss=1.3633
  [epoch 22 batch 740] loss=1.2097
Epoch 22/25  train_loss=1.3327  val_loss=1.2808
[trainer] New best val_loss=1.2808
[trainer] Saved weights -> checkpoints/samar_transformer_midi_v2.pt
[trainer] Saved config  -> checkpoints/samar_transformer_midi_v2_config.json
[trainer] Saved best   -> checkpoints/samar_transformer_midi_v2_best.pt
  [epoch 23 batch 10] loss=1.5198
  [epoch 23 batch 20] loss=1.3216
  [epoch 23 batch 30] loss=1.3139
  [epoch 23 batch 40] loss=1.2632
  [epoch 23 batch 50] loss=1.4221
  [epoch 23 batch 60] loss=1.2493
  [epoch 23 batch 70] loss=1.2573
  [epoch 23 batch 80] loss=1.2871
  [epoch 23 batch 90] loss=1.2689
  [epoch 23 batch 100] loss=1.4884
  [epoch 23 batch 110] loss=1.3689
  [epoch 23 batch 120] loss=1.2986
  [epoch 23 batch 130] loss=1.4025
  [epoch 23 batch 140] loss=1.3097
  [epoch 23 batch 150] loss=1.3471
  [epoch 23 batch 160] loss=1.2375
  [epoch 23 batch 170] loss=1.2066
  [epoch 23 batch 180] loss=1.3441
  [epoch 23 batch 190] loss=1.3725
  [epoch 23 batch 200] loss=1.3428
  [epoch 23 batch 210] loss=1.3032
  [epoch 23 batch 220] loss=1.3247
  [epoch 23 batch 230] loss=1.3834
  [epoch 23 batch 240] loss=1.1534
  [epoch 23 batch 250] loss=1.3910
  [epoch 23 batch 260] loss=1.2806
  [epoch 23 batch 270] loss=1.3137
  [epoch 23 batch 280] loss=1.4075
  [epoch 23 batch 290] loss=1.2467
  [epoch 23 batch 300] loss=1.3171
  [epoch 23 batch 310] loss=1.3014
  [epoch 23 batch 320] loss=1.2192
  [epoch 23 batch 330] loss=1.3436
  [epoch 23 batch 340] loss=1.2885
  [epoch 23 batch 350] loss=1.2737
  [epoch 23 batch 360] loss=1.3535
  [epoch 23 batch 370] loss=1.2547
  [epoch 23 batch 380] loss=1.3237
  [epoch 23 batch 390] loss=1.2146
  [epoch 23 batch 400] loss=1.3070
  [epoch 23 batch 410] loss=1.2825
  [epoch 23 batch 420] loss=1.2939
  [epoch 23 batch 430] loss=1.4086
  [epoch 23 batch 440] loss=1.3253
  [epoch 23 batch 450] loss=1.2747
  [epoch 23 batch 460] loss=1.3141
  [epoch 23 batch 470] loss=1.4028
  [epoch 23 batch 480] loss=1.2802
  [epoch 23 batch 490] loss=1.2696
  [epoch 23 batch 500] loss=1.3391
  [epoch 23 batch 510] loss=1.3434
  [epoch 23 batch 520] loss=1.1935
  [epoch 23 batch 530] loss=1.2028
  [epoch 23 batch 540] loss=1.3302
  [epoch 23 batch 550] loss=1.2836
  [epoch 23 batch 560] loss=1.4388
  [epoch 23 batch 570] loss=1.3349
  [epoch 23 batch 580] loss=1.3581
  [epoch 23 batch 590] loss=1.2624
  [epoch 23 batch 600] loss=1.4087
  [epoch 23 batch 610] loss=1.4091
  [epoch 23 batch 620] loss=1.2782
  [epoch 23 batch 630] loss=1.3798
  [epoch 23 batch 640] loss=1.2922
  [epoch 23 batch 650] loss=1.3522
  [epoch 23 batch 660] loss=1.3382
  [epoch 23 batch 670] loss=1.2800
  [epoch 23 batch 680] loss=1.3163
  [epoch 23 batch 690] loss=1.3142
  [epoch 23 batch 700] loss=1.3154
  [epoch 23 batch 710] loss=1.2895
  [epoch 23 batch 720] loss=1.3520
  [epoch 23 batch 730] loss=1.3086
  [epoch 23 batch 740] loss=1.3094
Epoch 23/25  train_loss=1.3257  val_loss=1.2740
[trainer] New best val_loss=1.2740
[trainer] Saved weights -> checkpoints/samar_transformer_midi_v2.pt
[trainer] Saved config  -> checkpoints/samar_transformer_midi_v2_config.json
[trainer] Saved best   -> checkpoints/samar_transformer_midi_v2_best.pt
  [epoch 24 batch 10] loss=1.3458
  [epoch 24 batch 20] loss=1.2911
  [epoch 24 batch 30] loss=1.3946
  [epoch 24 batch 40] loss=1.3463
  [epoch 24 batch 50] loss=1.2772
  [epoch 24 batch 60] loss=1.3030
  [epoch 24 batch 70] loss=1.3560
  [epoch 24 batch 80] loss=1.3250
  [epoch 24 batch 90] loss=1.4157
  [epoch 24 batch 100] loss=1.4521
  [epoch 24 batch 110] loss=1.2293
  [epoch 24 batch 120] loss=1.2310
  [epoch 24 batch 130] loss=1.4490
  [epoch 24 batch 140] loss=1.2361
  [epoch 24 batch 150] loss=1.2348
  [epoch 24 batch 160] loss=1.4947
  [epoch 24 batch 170] loss=1.3829
  [epoch 24 batch 180] loss=1.3077
  [epoch 24 batch 190] loss=1.3229
  [epoch 24 batch 200] loss=1.3086
  [epoch 24 batch 210] loss=1.2374
  [epoch 24 batch 220] loss=1.2363
  [epoch 24 batch 230] loss=1.3275
  [epoch 24 batch 240] loss=1.2773
  [epoch 24 batch 250] loss=1.3637
  [epoch 24 batch 260] loss=1.4259
  [epoch 24 batch 270] loss=1.3297
  [epoch 24 batch 280] loss=1.2946
  [epoch 24 batch 290] loss=1.3323
  [epoch 24 batch 300] loss=1.2910
  [epoch 24 batch 310] loss=1.3928
  [epoch 24 batch 320] loss=1.2937
  [epoch 24 batch 330] loss=1.3807
  [epoch 24 batch 340] loss=1.3090
  [epoch 24 batch 350] loss=1.3391
  [epoch 24 batch 360] loss=1.3166
  [epoch 24 batch 370] loss=1.3749
  [epoch 24 batch 380] loss=1.2868
  [epoch 24 batch 390] loss=1.3350
  [epoch 24 batch 400] loss=1.3471
  [epoch 24 batch 410] loss=1.3019
  [epoch 24 batch 420] loss=1.2301
  [epoch 24 batch 430] loss=1.3611
  [epoch 24 batch 440] loss=1.3258
  [epoch 24 batch 450] loss=1.3449
  [epoch 24 batch 460] loss=1.2513
  [epoch 24 batch 470] loss=1.3634
  [epoch 24 batch 480] loss=1.3423
  [epoch 24 batch 490] loss=1.3177
  [epoch 24 batch 500] loss=1.3766
  [epoch 24 batch 510] loss=1.2866
  [epoch 24 batch 520] loss=1.3691
  [epoch 24 batch 530] loss=1.3108
  [epoch 24 batch 540] loss=1.3044
  [epoch 24 batch 550] loss=1.3212
  [epoch 24 batch 560] loss=1.2718
  [epoch 24 batch 570] loss=1.3862
  [epoch 24 batch 580] loss=1.4739
  [epoch 24 batch 590] loss=1.3878
  [epoch 24 batch 600] loss=1.3560
  [epoch 24 batch 610] loss=1.3590
  [epoch 24 batch 620] loss=1.3931
  [epoch 24 batch 630] loss=1.2757
  [epoch 24 batch 640] loss=1.3460
  [epoch 24 batch 650] loss=1.3074
  [epoch 24 batch 660] loss=1.2898
  [epoch 24 batch 670] loss=1.2896
  [epoch 24 batch 680] loss=1.2241
  [epoch 24 batch 690] loss=1.3959
  [epoch 24 batch 700] loss=1.2945
  [epoch 24 batch 710] loss=1.3411
  [epoch 24 batch 720] loss=1.2603
  [epoch 24 batch 730] loss=1.3072
  [epoch 24 batch 740] loss=1.4132
Epoch 24/25  train_loss=1.3190  val_loss=1.2683
[trainer] New best val_loss=1.2683
[trainer] Saved weights -> checkpoints/samar_transformer_midi_v2.pt
[trainer] Saved config  -> checkpoints/samar_transformer_midi_v2_config.json
[trainer] Saved best   -> checkpoints/samar_transformer_midi_v2_best.pt
  [epoch 25 batch 10] loss=1.3510
  [epoch 25 batch 20] loss=1.2315
  [epoch 25 batch 30] loss=1.4284
  [epoch 25 batch 40] loss=1.3630
  [epoch 25 batch 50] loss=1.2795
  [epoch 25 batch 60] loss=1.3007
  [epoch 25 batch 70] loss=1.3597
  [epoch 25 batch 80] loss=1.2335
  [epoch 25 batch 90] loss=1.3718
  [epoch 25 batch 100] loss=1.3069
  [epoch 25 batch 110] loss=1.3180
  [epoch 25 batch 120] loss=1.3508
  [epoch 25 batch 130] loss=1.1886
  [epoch 25 batch 140] loss=1.3211
  [epoch 25 batch 150] loss=1.3841
  [epoch 25 batch 160] loss=1.3648
  [epoch 25 batch 170] loss=1.2618
  [epoch 25 batch 180] loss=1.2914
  [epoch 25 batch 190] loss=1.2185
  [epoch 25 batch 200] loss=1.2926
  [epoch 25 batch 210] loss=1.2525
  [epoch 25 batch 220] loss=1.3706
  [epoch 25 batch 230] loss=1.2828
  [epoch 25 batch 240] loss=1.3912
  [epoch 25 batch 250] loss=1.2488
  [epoch 25 batch 260] loss=1.1691
  [epoch 25 batch 270] loss=1.3297
  [epoch 25 batch 280] loss=1.3982
  [epoch 25 batch 290] loss=1.3081
  [epoch 25 batch 300] loss=1.3514
  [epoch 25 batch 310] loss=1.3210
  [epoch 25 batch 320] loss=1.3643
  [epoch 25 batch 330] loss=1.3358
  [epoch 25 batch 340] loss=1.1719
  [epoch 25 batch 350] loss=1.2731
  [epoch 25 batch 360] loss=1.2803
  [epoch 25 batch 370] loss=1.4156
  [epoch 25 batch 380] loss=1.3034
  [epoch 25 batch 390] loss=1.2530
  [epoch 25 batch 400] loss=1.4297
  [epoch 25 batch 410] loss=1.3840
  [epoch 25 batch 420] loss=1.2411
  [epoch 25 batch 430] loss=1.2519
  [epoch 25 batch 440] loss=1.3014
  [epoch 25 batch 450] loss=1.2890
  [epoch 25 batch 460] loss=1.2351
  [epoch 25 batch 470] loss=1.2437
  [epoch 25 batch 480] loss=1.3310
  [epoch 25 batch 490] loss=1.2832
  [epoch 25 batch 500] loss=1.3657
  [epoch 25 batch 510] loss=1.2950
  [epoch 25 batch 520] loss=1.3347
  [epoch 25 batch 530] loss=1.4028
  [epoch 25 batch 540] loss=1.3685
  [epoch 25 batch 550] loss=1.2429
  [epoch 25 batch 560] loss=1.3601
  [epoch 25 batch 570] loss=1.3784
  [epoch 25 batch 580] loss=1.1768
  [epoch 25 batch 590] loss=1.3161
  [epoch 25 batch 600] loss=1.2258
  [epoch 25 batch 610] loss=1.2648
  [epoch 25 batch 620] loss=1.2717
  [epoch 25 batch 630] loss=1.3395
  [epoch 25 batch 640] loss=1.3145
  [epoch 25 batch 650] loss=1.1769
  [epoch 25 batch 660] loss=1.3132
  [epoch 25 batch 670] loss=1.3122
  [epoch 25 batch 680] loss=1.3356
  [epoch 25 batch 690] loss=1.2422
  [epoch 25 batch 700] loss=1.3986
  [epoch 25 batch 710] loss=1.3175
  [epoch 25 batch 720] loss=1.3623
  [epoch 25 batch 730] loss=1.3751
  [epoch 25 batch 740] loss=1.3884
Epoch 25/25  train_loss=1.3127  val_loss=1.2629
[trainer] New best val_loss=1.2629
[trainer] Saved weights -> checkpoints/samar_transformer_midi_v2.pt
[trainer] Saved config  -> checkpoints/samar_transformer_midi_v2_config.json
[trainer] Saved best   -> checkpoints/samar_transformer_midi_v2_best.pt
